2023-01-22 10:50:42,067 [Worker-7: Loading available Gradle versions] INFO  o.e.b.c.i.u.g.PublishedGradleVersions - Gradle version information cache is up-to-date. Trying to read.
2023-01-22 10:50:58,940 [Worker-4: Deferred Early Start] INFO  o.a.h.c.h.i.c.HttpRequestRetryExec - Recoverable I/O exception (java.net.SocketException) caught when processing request to {s}->https://www.eclipse.org:443
2023-01-22 11:03:49,709 [Worker-17: Launching mavenrun-116152fc-429b-48f4-9abc-7ac0bdf8214a] INFO  o.eclipse.m2e.core.internal.Bundles - getClasspathEntries(Bundle=org.eclipse.m2e.maven.runtime_3.8.604.20221130-2149 [605])
2023-01-22 11:03:49,723 [Worker-17: Launching mavenrun-116152fc-429b-48f4-9abc-7ac0bdf8214a] INFO  o.eclipse.m2e.core.internal.Bundles - 	Entry: C:\Users\chandud\.p2\pool\plugins\org.eclipse.m2e.maven.runtime_3.8.604.20221130-2149
2023-01-22 11:03:49,724 [Worker-17: Launching mavenrun-116152fc-429b-48f4-9abc-7ac0bdf8214a] INFO  o.eclipse.m2e.core.internal.Bundles - 	Entry: C:\Users\chandud\.p2\pool\plugins\org.eclipse.m2e.maven.runtime_3.8.604.20221130-2149\jars\aether-connector-okhttp-0.17.8.jar
2023-01-22 11:03:49,724 [Worker-17: Launching mavenrun-116152fc-429b-48f4-9abc-7ac0bdf8214a] INFO  o.eclipse.m2e.core.internal.Bundles - 	Entry: C:\Users\chandud\.p2\pool\plugins\org.eclipse.m2e.maven.runtime_3.8.604.20221130-2149\jars\commons-cli-1.4.jar
2023-01-22 11:03:49,725 [Worker-17: Launching mavenrun-116152fc-429b-48f4-9abc-7ac0bdf8214a] INFO  o.eclipse.m2e.core.internal.Bundles - 	Entry: C:\Users\chandud\.p2\pool\plugins\org.eclipse.m2e.maven.runtime_3.8.604.20221130-2149\jars\commons-io-2.6.jar
2023-01-22 11:03:49,725 [Worker-17: Launching mavenrun-116152fc-429b-48f4-9abc-7ac0bdf8214a] INFO  o.eclipse.m2e.core.internal.Bundles - 	Entry: C:\Users\chandud\.p2\pool\plugins\org.eclipse.m2e.maven.runtime_3.8.604.20221130-2149\jars\commons-lang3-3.8.1.jar
2023-01-22 11:03:49,725 [Worker-17: Launching mavenrun-116152fc-429b-48f4-9abc-7ac0bdf8214a] INFO  o.eclipse.m2e.core.internal.Bundles - 	Entry: C:\Users\chandud\.p2\pool\plugins\org.eclipse.m2e.maven.runtime_3.8.604.20221130-2149\jars\guice-4.2.2-no_aop.jar
2023-01-22 11:03:49,725 [Worker-17: Launching mavenrun-116152fc-429b-48f4-9abc-7ac0bdf8214a] INFO  o.eclipse.m2e.core.internal.Bundles - 	Entry: C:\Users\chandud\.p2\pool\plugins\org.eclipse.m2e.maven.runtime_3.8.604.20221130-2149\jars\jansi-2.4.0.jar
2023-01-22 11:03:49,725 [Worker-17: Launching mavenrun-116152fc-429b-48f4-9abc-7ac0bdf8214a] INFO  o.eclipse.m2e.core.internal.Bundles - 	Entry: C:\Users\chandud\.p2\pool\plugins\org.eclipse.m2e.maven.runtime_3.8.604.20221130-2149\jars\maven-artifact-3.8.6.jar
2023-01-22 11:03:49,726 [Worker-17: Launching mavenrun-116152fc-429b-48f4-9abc-7ac0bdf8214a] INFO  o.eclipse.m2e.core.internal.Bundles - 	Entry: C:\Users\chandud\.p2\pool\plugins\org.eclipse.m2e.maven.runtime_3.8.604.20221130-2149\jars\maven-builder-support-3.8.6.jar
2023-01-22 11:03:49,726 [Worker-17: Launching mavenrun-116152fc-429b-48f4-9abc-7ac0bdf8214a] INFO  o.eclipse.m2e.core.internal.Bundles - 	Entry: C:\Users\chandud\.p2\pool\plugins\org.eclipse.m2e.maven.runtime_3.8.604.20221130-2149\jars\maven-compat-3.8.6.jar
2023-01-22 11:03:49,726 [Worker-17: Launching mavenrun-116152fc-429b-48f4-9abc-7ac0bdf8214a] INFO  o.eclipse.m2e.core.internal.Bundles - 	Entry: C:\Users\chandud\.p2\pool\plugins\org.eclipse.m2e.maven.runtime_3.8.604.20221130-2149\jars\maven-core-3.8.6.jar
2023-01-22 11:03:49,726 [Worker-17: Launching mavenrun-116152fc-429b-48f4-9abc-7ac0bdf8214a] INFO  o.eclipse.m2e.core.internal.Bundles - 	Entry: C:\Users\chandud\.p2\pool\plugins\org.eclipse.m2e.maven.runtime_3.8.604.20221130-2149\jars\maven-embedder-3.8.6.jar
2023-01-22 11:03:49,726 [Worker-17: Launching mavenrun-116152fc-429b-48f4-9abc-7ac0bdf8214a] INFO  o.eclipse.m2e.core.internal.Bundles - 	Entry: C:\Users\chandud\.p2\pool\plugins\org.eclipse.m2e.maven.runtime_3.8.604.20221130-2149\jars\maven-model-3.8.6.jar
2023-01-22 11:03:49,727 [Worker-17: Launching mavenrun-116152fc-429b-48f4-9abc-7ac0bdf8214a] INFO  o.eclipse.m2e.core.internal.Bundles - 	Entry: C:\Users\chandud\.p2\pool\plugins\org.eclipse.m2e.maven.runtime_3.8.604.20221130-2149\jars\maven-model-builder-3.8.6.jar
2023-01-22 11:03:49,727 [Worker-17: Launching mavenrun-116152fc-429b-48f4-9abc-7ac0bdf8214a] INFO  o.eclipse.m2e.core.internal.Bundles - 	Entry: C:\Users\chandud\.p2\pool\plugins\org.eclipse.m2e.maven.runtime_3.8.604.20221130-2149\jars\maven-plugin-api-3.8.6.jar
2023-01-22 11:03:49,727 [Worker-17: Launching mavenrun-116152fc-429b-48f4-9abc-7ac0bdf8214a] INFO  o.eclipse.m2e.core.internal.Bundles - 	Entry: C:\Users\chandud\.p2\pool\plugins\org.eclipse.m2e.maven.runtime_3.8.604.20221130-2149\jars\maven-repository-metadata-3.8.6.jar
2023-01-22 11:03:49,728 [Worker-17: Launching mavenrun-116152fc-429b-48f4-9abc-7ac0bdf8214a] INFO  o.eclipse.m2e.core.internal.Bundles - 	Entry: C:\Users\chandud\.p2\pool\plugins\org.eclipse.m2e.maven.runtime_3.8.604.20221130-2149\jars\maven-resolver-api-1.6.3.jar
2023-01-22 11:03:49,728 [Worker-17: Launching mavenrun-116152fc-429b-48f4-9abc-7ac0bdf8214a] INFO  o.eclipse.m2e.core.internal.Bundles - 	Entry: C:\Users\chandud\.p2\pool\plugins\org.eclipse.m2e.maven.runtime_3.8.604.20221130-2149\jars\maven-resolver-connector-basic-1.6.3.jar
2023-01-22 11:03:49,728 [Worker-17: Launching mavenrun-116152fc-429b-48f4-9abc-7ac0bdf8214a] INFO  o.eclipse.m2e.core.internal.Bundles - 	Entry: C:\Users\chandud\.p2\pool\plugins\org.eclipse.m2e.maven.runtime_3.8.604.20221130-2149\jars\maven-resolver-impl-1.6.3.jar
2023-01-22 11:03:49,729 [Worker-17: Launching mavenrun-116152fc-429b-48f4-9abc-7ac0bdf8214a] INFO  o.eclipse.m2e.core.internal.Bundles - 	Entry: C:\Users\chandud\.p2\pool\plugins\org.eclipse.m2e.maven.runtime_3.8.604.20221130-2149\jars\maven-resolver-provider-3.8.6.jar
2023-01-22 11:03:49,729 [Worker-17: Launching mavenrun-116152fc-429b-48f4-9abc-7ac0bdf8214a] INFO  o.eclipse.m2e.core.internal.Bundles - 	Entry: C:\Users\chandud\.p2\pool\plugins\org.eclipse.m2e.maven.runtime_3.8.604.20221130-2149\jars\maven-resolver-spi-1.6.3.jar
2023-01-22 11:03:49,729 [Worker-17: Launching mavenrun-116152fc-429b-48f4-9abc-7ac0bdf8214a] INFO  o.eclipse.m2e.core.internal.Bundles - 	Entry: C:\Users\chandud\.p2\pool\plugins\org.eclipse.m2e.maven.runtime_3.8.604.20221130-2149\jars\maven-resolver-transport-wagon-1.6.3.jar
2023-01-22 11:03:49,730 [Worker-17: Launching mavenrun-116152fc-429b-48f4-9abc-7ac0bdf8214a] INFO  o.eclipse.m2e.core.internal.Bundles - 	Entry: C:\Users\chandud\.p2\pool\plugins\org.eclipse.m2e.maven.runtime_3.8.604.20221130-2149\jars\maven-resolver-util-1.6.3.jar
2023-01-22 11:03:49,730 [Worker-17: Launching mavenrun-116152fc-429b-48f4-9abc-7ac0bdf8214a] INFO  o.eclipse.m2e.core.internal.Bundles - 	Entry: C:\Users\chandud\.p2\pool\plugins\org.eclipse.m2e.maven.runtime_3.8.604.20221130-2149\jars\maven-settings-3.8.6.jar
2023-01-22 11:03:49,730 [Worker-17: Launching mavenrun-116152fc-429b-48f4-9abc-7ac0bdf8214a] INFO  o.eclipse.m2e.core.internal.Bundles - 	Entry: C:\Users\chandud\.p2\pool\plugins\org.eclipse.m2e.maven.runtime_3.8.604.20221130-2149\jars\maven-settings-builder-3.8.6.jar
2023-01-22 11:03:49,731 [Worker-17: Launching mavenrun-116152fc-429b-48f4-9abc-7ac0bdf8214a] INFO  o.eclipse.m2e.core.internal.Bundles - 	Entry: C:\Users\chandud\.p2\pool\plugins\org.eclipse.m2e.maven.runtime_3.8.604.20221130-2149\jars\maven-shared-utils-3.3.4.jar
2023-01-22 11:03:49,731 [Worker-17: Launching mavenrun-116152fc-429b-48f4-9abc-7ac0bdf8214a] INFO  o.eclipse.m2e.core.internal.Bundles - 	Entry: C:\Users\chandud\.p2\pool\plugins\org.eclipse.m2e.maven.runtime_3.8.604.20221130-2149\jars\okhttp-3.14.1.jar
2023-01-22 11:03:49,731 [Worker-17: Launching mavenrun-116152fc-429b-48f4-9abc-7ac0bdf8214a] INFO  o.eclipse.m2e.core.internal.Bundles - 	Entry: C:\Users\chandud\.p2\pool\plugins\org.eclipse.m2e.maven.runtime_3.8.604.20221130-2149\jars\okio-1.17.3.jar
2023-01-22 11:03:49,731 [Worker-17: Launching mavenrun-116152fc-429b-48f4-9abc-7ac0bdf8214a] INFO  o.eclipse.m2e.core.internal.Bundles - 	Entry: C:\Users\chandud\.p2\pool\plugins\org.eclipse.m2e.maven.runtime_3.8.604.20221130-2149\jars\org.eclipse.sisu.inject-0.3.5.jar
2023-01-22 11:03:49,732 [Worker-17: Launching mavenrun-116152fc-429b-48f4-9abc-7ac0bdf8214a] INFO  o.eclipse.m2e.core.internal.Bundles - 	Entry: C:\Users\chandud\.p2\pool\plugins\org.eclipse.m2e.maven.runtime_3.8.604.20221130-2149\jars\org.eclipse.sisu.plexus-0.3.5.jar
2023-01-22 11:03:49,732 [Worker-17: Launching mavenrun-116152fc-429b-48f4-9abc-7ac0bdf8214a] INFO  o.eclipse.m2e.core.internal.Bundles - 	Entry: C:\Users\chandud\.p2\pool\plugins\org.eclipse.m2e.maven.runtime_3.8.604.20221130-2149\jars\plexus-build-api-0.0.7.jar
2023-01-22 11:03:49,732 [Worker-17: Launching mavenrun-116152fc-429b-48f4-9abc-7ac0bdf8214a] INFO  o.eclipse.m2e.core.internal.Bundles - 	Entry: C:\Users\chandud\.p2\pool\plugins\org.eclipse.m2e.maven.runtime_3.8.604.20221130-2149\jars\plexus-cipher-2.0.jar
2023-01-22 11:03:49,733 [Worker-17: Launching mavenrun-116152fc-429b-48f4-9abc-7ac0bdf8214a] INFO  o.eclipse.m2e.core.internal.Bundles - 	Entry: C:\Users\chandud\.p2\pool\plugins\org.eclipse.m2e.maven.runtime_3.8.604.20221130-2149\jars\plexus-classworlds-2.6.0.jar
2023-01-22 11:03:49,733 [Worker-17: Launching mavenrun-116152fc-429b-48f4-9abc-7ac0bdf8214a] INFO  o.eclipse.m2e.core.internal.Bundles - 	Entry: C:\Users\chandud\.p2\pool\plugins\org.eclipse.m2e.maven.runtime_3.8.604.20221130-2149\jars\plexus-component-annotations-2.1.0.jar
2023-01-22 11:03:49,733 [Worker-17: Launching mavenrun-116152fc-429b-48f4-9abc-7ac0bdf8214a] INFO  o.eclipse.m2e.core.internal.Bundles - 	Entry: C:\Users\chandud\.p2\pool\plugins\org.eclipse.m2e.maven.runtime_3.8.604.20221130-2149\jars\plexus-interpolation-1.26.jar
2023-01-22 11:03:49,733 [Worker-17: Launching mavenrun-116152fc-429b-48f4-9abc-7ac0bdf8214a] INFO  o.eclipse.m2e.core.internal.Bundles - 	Entry: C:\Users\chandud\.p2\pool\plugins\org.eclipse.m2e.maven.runtime_3.8.604.20221130-2149\jars\plexus-sec-dispatcher-2.0.jar
2023-01-22 11:03:49,734 [Worker-17: Launching mavenrun-116152fc-429b-48f4-9abc-7ac0bdf8214a] INFO  o.eclipse.m2e.core.internal.Bundles - 	Entry: C:\Users\chandud\.p2\pool\plugins\org.eclipse.m2e.maven.runtime_3.8.604.20221130-2149\jars\plexus-utils-3.3.1.jar
2023-01-22 11:03:49,735 [Worker-17: Launching mavenrun-116152fc-429b-48f4-9abc-7ac0bdf8214a] INFO  o.eclipse.m2e.core.internal.Bundles - 	Entry: C:\Users\chandud\.p2\pool\plugins\org.eclipse.m2e.maven.runtime_3.8.604.20221130-2149\jars\wagon-file-3.5.1.jar
2023-01-22 11:03:49,735 [Worker-17: Launching mavenrun-116152fc-429b-48f4-9abc-7ac0bdf8214a] INFO  o.eclipse.m2e.core.internal.Bundles - 	Entry: C:\Users\chandud\.p2\pool\plugins\org.eclipse.m2e.maven.runtime_3.8.604.20221130-2149\jars\wagon-provider-api-3.5.1.jar
2023-01-22 11:03:49,737 [Worker-17: Launching mavenrun-116152fc-429b-48f4-9abc-7ac0bdf8214a] INFO  o.eclipse.m2e.core.internal.Bundles - getClasspathEntries(Bundle=com.google.guava_30.1.0.v20221112-0806 [10])
2023-01-22 11:03:49,739 [Worker-17: Launching mavenrun-116152fc-429b-48f4-9abc-7ac0bdf8214a] INFO  o.eclipse.m2e.core.internal.Bundles - 	Entry: C:\Users\chandud\.p2\pool\plugins\com.google.guava_30.1.0.v20221112-0806.jar
2023-01-22 11:03:49,739 [Worker-17: Launching mavenrun-116152fc-429b-48f4-9abc-7ac0bdf8214a] INFO  o.eclipse.m2e.core.internal.Bundles - getClasspathEntries(Bundle=slf4j.api_1.7.36 [917])
2023-01-22 11:03:49,740 [Worker-17: Launching mavenrun-116152fc-429b-48f4-9abc-7ac0bdf8214a] INFO  o.eclipse.m2e.core.internal.Bundles - 	Entry: C:\Users\chandud\.p2\pool\plugins\slf4j.api_1.7.36.jar
2023-01-22 11:03:49,740 [Worker-17: Launching mavenrun-116152fc-429b-48f4-9abc-7ac0bdf8214a] INFO  o.eclipse.m2e.core.internal.Bundles - getClasspathEntries(Bundle=javax.inject_1.0.0.v20220405-0441 [32])
2023-01-22 11:03:49,741 [Worker-17: Launching mavenrun-116152fc-429b-48f4-9abc-7ac0bdf8214a] INFO  o.eclipse.m2e.core.internal.Bundles - 	Entry: C:\Users\chandud\.p2\pool\plugins\javax.inject_1.0.0.v20220405-0441.jar
2023-01-22 11:03:49,741 [Worker-17: Launching mavenrun-116152fc-429b-48f4-9abc-7ac0bdf8214a] INFO  o.eclipse.m2e.core.internal.Bundles - getClasspathEntries(Bundle=javax.annotation_1.3.5.v20221112-0806 [30])
2023-01-22 11:03:49,743 [Worker-17: Launching mavenrun-116152fc-429b-48f4-9abc-7ac0bdf8214a] INFO  o.eclipse.m2e.core.internal.Bundles - 	Entry: C:\Users\chandud\.p2\pool\plugins\javax.annotation_1.3.5.v20221112-0806.jar
2023-01-22 11:03:49,755 [Worker-17: Launching mavenrun-116152fc-429b-48f4-9abc-7ac0bdf8214a] INFO  o.e.m.i.launch.MavenLaunchDelegate - Run build in "C:\Users\chandud\AppData\Local\Temp\m2e-archetypeGenerator7557431786455775391":
2023-01-22 11:03:49,757 [Worker-17: Launching mavenrun-116152fc-429b-48f4-9abc-7ac0bdf8214a] INFO  o.e.m.i.launch.MavenLaunchDelegate -  mvn  -DarchetypeGroupId=org.glassfish.jersey.archetypes -DarchetypeArtifactId=jersey-quickstart-webapp -DarchetypeVersion=3.1.0 -DgroupId=infinite -DartifactId=LMS_JSF -Dversion=0.0.1-SNAPSHOT -Dpackage=com.LMS.JSF -DoutputDirectory=D:\Java_Training\Java_Training\LMS_JSF -Dstyle.color=always -U archetype:generate
