2023-01-03 16:44:21,958 [Worker-5: Loading available Gradle versions] INFO  o.e.b.c.i.u.g.PublishedGradleVersions - Gradle version information cache is up-to-date. Trying to read.
2023-01-03 20:34:43,091 [Worker-1: Loading available Gradle versions] INFO  o.e.b.c.i.u.g.PublishedGradleVersions - Gradle version information cache is up-to-date. Trying to read.
2023-01-03 20:35:08,367 [ModalContext] INFO  o.e.m.c.i.e.AbstractTransferListenerAdapter - Downloading https://repo.maven.apache.org/maven2/org/glassfish/jersey/archetypes/jersey-quickstart-webapp/3.1.0/jersey-quickstart-webapp-3.1.0.pom
2023-01-03 20:35:09,193 [ModalContext] INFO  o.e.m.c.i.e.AbstractTransferListenerAdapter - Downloaded https://repo.maven.apache.org/maven2/org/glassfish/jersey/archetypes/jersey-quickstart-webapp/3.1.0/jersey-quickstart-webapp-3.1.0.pom
2023-01-03 20:35:09,390 [ModalContext] INFO  o.e.m.c.i.e.AbstractTransferListenerAdapter - Downloading https://repo.maven.apache.org/maven2/org/glassfish/jersey/archetypes/project/3.1.0/project-3.1.0.pom
2023-01-03 20:35:09,696 [ModalContext] INFO  o.e.m.c.i.e.AbstractTransferListenerAdapter - Downloaded https://repo.maven.apache.org/maven2/org/glassfish/jersey/archetypes/project/3.1.0/project-3.1.0.pom
2023-01-03 20:35:10,015 [ModalContext] INFO  o.e.m.c.i.e.AbstractTransferListenerAdapter - Downloading https://repo.maven.apache.org/maven2/org/glassfish/jersey/archetypes/jersey-quickstart-webapp/3.1.0/jersey-quickstart-webapp-3.1.0.jar
2023-01-03 20:35:10,224 [ModalContext] INFO  o.e.m.c.i.e.AbstractTransferListenerAdapter - Downloaded https://repo.maven.apache.org/maven2/org/glassfish/jersey/archetypes/jersey-quickstart-webapp/3.1.0/jersey-quickstart-webapp-3.1.0.jar
2023-01-03 20:36:30,906 [Worker-22: Launching mavenrun-705a71d5-86ac-4058-b601-fb8cb965303f] INFO  o.eclipse.m2e.core.internal.Bundles - getClasspathEntries(Bundle=org.eclipse.m2e.maven.runtime_3.8.604.20221130-2149 [605])
2023-01-03 20:36:30,915 [Worker-22: Launching mavenrun-705a71d5-86ac-4058-b601-fb8cb965303f] INFO  o.eclipse.m2e.core.internal.Bundles - 	Entry: C:\Users\chandud\.p2\pool\plugins\org.eclipse.m2e.maven.runtime_3.8.604.20221130-2149
2023-01-03 20:36:30,915 [Worker-22: Launching mavenrun-705a71d5-86ac-4058-b601-fb8cb965303f] INFO  o.eclipse.m2e.core.internal.Bundles - 	Entry: C:\Users\chandud\.p2\pool\plugins\org.eclipse.m2e.maven.runtime_3.8.604.20221130-2149\jars\aether-connector-okhttp-0.17.8.jar
2023-01-03 20:36:30,915 [Worker-22: Launching mavenrun-705a71d5-86ac-4058-b601-fb8cb965303f] INFO  o.eclipse.m2e.core.internal.Bundles - 	Entry: C:\Users\chandud\.p2\pool\plugins\org.eclipse.m2e.maven.runtime_3.8.604.20221130-2149\jars\commons-cli-1.4.jar
2023-01-03 20:36:30,915 [Worker-22: Launching mavenrun-705a71d5-86ac-4058-b601-fb8cb965303f] INFO  o.eclipse.m2e.core.internal.Bundles - 	Entry: C:\Users\chandud\.p2\pool\plugins\org.eclipse.m2e.maven.runtime_3.8.604.20221130-2149\jars\commons-io-2.6.jar
2023-01-03 20:36:30,915 [Worker-22: Launching mavenrun-705a71d5-86ac-4058-b601-fb8cb965303f] INFO  o.eclipse.m2e.core.internal.Bundles - 	Entry: C:\Users\chandud\.p2\pool\plugins\org.eclipse.m2e.maven.runtime_3.8.604.20221130-2149\jars\commons-lang3-3.8.1.jar
2023-01-03 20:36:30,916 [Worker-22: Launching mavenrun-705a71d5-86ac-4058-b601-fb8cb965303f] INFO  o.eclipse.m2e.core.internal.Bundles - 	Entry: C:\Users\chandud\.p2\pool\plugins\org.eclipse.m2e.maven.runtime_3.8.604.20221130-2149\jars\guice-4.2.2-no_aop.jar
2023-01-03 20:36:30,916 [Worker-22: Launching mavenrun-705a71d5-86ac-4058-b601-fb8cb965303f] INFO  o.eclipse.m2e.core.internal.Bundles - 	Entry: C:\Users\chandud\.p2\pool\plugins\org.eclipse.m2e.maven.runtime_3.8.604.20221130-2149\jars\jansi-2.4.0.jar
2023-01-03 20:36:30,916 [Worker-22: Launching mavenrun-705a71d5-86ac-4058-b601-fb8cb965303f] INFO  o.eclipse.m2e.core.internal.Bundles - 	Entry: C:\Users\chandud\.p2\pool\plugins\org.eclipse.m2e.maven.runtime_3.8.604.20221130-2149\jars\maven-artifact-3.8.6.jar
2023-01-03 20:36:30,916 [Worker-22: Launching mavenrun-705a71d5-86ac-4058-b601-fb8cb965303f] INFO  o.eclipse.m2e.core.internal.Bundles - 	Entry: C:\Users\chandud\.p2\pool\plugins\org.eclipse.m2e.maven.runtime_3.8.604.20221130-2149\jars\maven-builder-support-3.8.6.jar
2023-01-03 20:36:30,916 [Worker-22: Launching mavenrun-705a71d5-86ac-4058-b601-fb8cb965303f] INFO  o.eclipse.m2e.core.internal.Bundles - 	Entry: C:\Users\chandud\.p2\pool\plugins\org.eclipse.m2e.maven.runtime_3.8.604.20221130-2149\jars\maven-compat-3.8.6.jar
2023-01-03 20:36:30,916 [Worker-22: Launching mavenrun-705a71d5-86ac-4058-b601-fb8cb965303f] INFO  o.eclipse.m2e.core.internal.Bundles - 	Entry: C:\Users\chandud\.p2\pool\plugins\org.eclipse.m2e.maven.runtime_3.8.604.20221130-2149\jars\maven-core-3.8.6.jar
2023-01-03 20:36:30,916 [Worker-22: Launching mavenrun-705a71d5-86ac-4058-b601-fb8cb965303f] INFO  o.eclipse.m2e.core.internal.Bundles - 	Entry: C:\Users\chandud\.p2\pool\plugins\org.eclipse.m2e.maven.runtime_3.8.604.20221130-2149\jars\maven-embedder-3.8.6.jar
2023-01-03 20:36:30,916 [Worker-22: Launching mavenrun-705a71d5-86ac-4058-b601-fb8cb965303f] INFO  o.eclipse.m2e.core.internal.Bundles - 	Entry: C:\Users\chandud\.p2\pool\plugins\org.eclipse.m2e.maven.runtime_3.8.604.20221130-2149\jars\maven-model-3.8.6.jar
2023-01-03 20:36:30,916 [Worker-22: Launching mavenrun-705a71d5-86ac-4058-b601-fb8cb965303f] INFO  o.eclipse.m2e.core.internal.Bundles - 	Entry: C:\Users\chandud\.p2\pool\plugins\org.eclipse.m2e.maven.runtime_3.8.604.20221130-2149\jars\maven-model-builder-3.8.6.jar
2023-01-03 20:36:30,917 [Worker-22: Launching mavenrun-705a71d5-86ac-4058-b601-fb8cb965303f] INFO  o.eclipse.m2e.core.internal.Bundles - 	Entry: C:\Users\chandud\.p2\pool\plugins\org.eclipse.m2e.maven.runtime_3.8.604.20221130-2149\jars\maven-plugin-api-3.8.6.jar
2023-01-03 20:36:30,917 [Worker-22: Launching mavenrun-705a71d5-86ac-4058-b601-fb8cb965303f] INFO  o.eclipse.m2e.core.internal.Bundles - 	Entry: C:\Users\chandud\.p2\pool\plugins\org.eclipse.m2e.maven.runtime_3.8.604.20221130-2149\jars\maven-repository-metadata-3.8.6.jar
2023-01-03 20:36:30,917 [Worker-22: Launching mavenrun-705a71d5-86ac-4058-b601-fb8cb965303f] INFO  o.eclipse.m2e.core.internal.Bundles - 	Entry: C:\Users\chandud\.p2\pool\plugins\org.eclipse.m2e.maven.runtime_3.8.604.20221130-2149\jars\maven-resolver-api-1.6.3.jar
2023-01-03 20:36:30,917 [Worker-22: Launching mavenrun-705a71d5-86ac-4058-b601-fb8cb965303f] INFO  o.eclipse.m2e.core.internal.Bundles - 	Entry: C:\Users\chandud\.p2\pool\plugins\org.eclipse.m2e.maven.runtime_3.8.604.20221130-2149\jars\maven-resolver-connector-basic-1.6.3.jar
2023-01-03 20:36:30,917 [Worker-22: Launching mavenrun-705a71d5-86ac-4058-b601-fb8cb965303f] INFO  o.eclipse.m2e.core.internal.Bundles - 	Entry: C:\Users\chandud\.p2\pool\plugins\org.eclipse.m2e.maven.runtime_3.8.604.20221130-2149\jars\maven-resolver-impl-1.6.3.jar
2023-01-03 20:36:30,917 [Worker-22: Launching mavenrun-705a71d5-86ac-4058-b601-fb8cb965303f] INFO  o.eclipse.m2e.core.internal.Bundles - 	Entry: C:\Users\chandud\.p2\pool\plugins\org.eclipse.m2e.maven.runtime_3.8.604.20221130-2149\jars\maven-resolver-provider-3.8.6.jar
2023-01-03 20:36:30,917 [Worker-22: Launching mavenrun-705a71d5-86ac-4058-b601-fb8cb965303f] INFO  o.eclipse.m2e.core.internal.Bundles - 	Entry: C:\Users\chandud\.p2\pool\plugins\org.eclipse.m2e.maven.runtime_3.8.604.20221130-2149\jars\maven-resolver-spi-1.6.3.jar
2023-01-03 20:36:30,917 [Worker-22: Launching mavenrun-705a71d5-86ac-4058-b601-fb8cb965303f] INFO  o.eclipse.m2e.core.internal.Bundles - 	Entry: C:\Users\chandud\.p2\pool\plugins\org.eclipse.m2e.maven.runtime_3.8.604.20221130-2149\jars\maven-resolver-transport-wagon-1.6.3.jar
2023-01-03 20:36:30,918 [Worker-22: Launching mavenrun-705a71d5-86ac-4058-b601-fb8cb965303f] INFO  o.eclipse.m2e.core.internal.Bundles - 	Entry: C:\Users\chandud\.p2\pool\plugins\org.eclipse.m2e.maven.runtime_3.8.604.20221130-2149\jars\maven-resolver-util-1.6.3.jar
2023-01-03 20:36:30,918 [Worker-22: Launching mavenrun-705a71d5-86ac-4058-b601-fb8cb965303f] INFO  o.eclipse.m2e.core.internal.Bundles - 	Entry: C:\Users\chandud\.p2\pool\plugins\org.eclipse.m2e.maven.runtime_3.8.604.20221130-2149\jars\maven-settings-3.8.6.jar
2023-01-03 20:36:30,918 [Worker-22: Launching mavenrun-705a71d5-86ac-4058-b601-fb8cb965303f] INFO  o.eclipse.m2e.core.internal.Bundles - 	Entry: C:\Users\chandud\.p2\pool\plugins\org.eclipse.m2e.maven.runtime_3.8.604.20221130-2149\jars\maven-settings-builder-3.8.6.jar
2023-01-03 20:36:30,918 [Worker-22: Launching mavenrun-705a71d5-86ac-4058-b601-fb8cb965303f] INFO  o.eclipse.m2e.core.internal.Bundles - 	Entry: C:\Users\chandud\.p2\pool\plugins\org.eclipse.m2e.maven.runtime_3.8.604.20221130-2149\jars\maven-shared-utils-3.3.4.jar
2023-01-03 20:36:30,918 [Worker-22: Launching mavenrun-705a71d5-86ac-4058-b601-fb8cb965303f] INFO  o.eclipse.m2e.core.internal.Bundles - 	Entry: C:\Users\chandud\.p2\pool\plugins\org.eclipse.m2e.maven.runtime_3.8.604.20221130-2149\jars\okhttp-3.14.1.jar
2023-01-03 20:36:30,918 [Worker-22: Launching mavenrun-705a71d5-86ac-4058-b601-fb8cb965303f] INFO  o.eclipse.m2e.core.internal.Bundles - 	Entry: C:\Users\chandud\.p2\pool\plugins\org.eclipse.m2e.maven.runtime_3.8.604.20221130-2149\jars\okio-1.17.3.jar
2023-01-03 20:36:30,919 [Worker-22: Launching mavenrun-705a71d5-86ac-4058-b601-fb8cb965303f] INFO  o.eclipse.m2e.core.internal.Bundles - 	Entry: C:\Users\chandud\.p2\pool\plugins\org.eclipse.m2e.maven.runtime_3.8.604.20221130-2149\jars\org.eclipse.sisu.inject-0.3.5.jar
2023-01-03 20:36:30,919 [Worker-22: Launching mavenrun-705a71d5-86ac-4058-b601-fb8cb965303f] INFO  o.eclipse.m2e.core.internal.Bundles - 	Entry: C:\Users\chandud\.p2\pool\plugins\org.eclipse.m2e.maven.runtime_3.8.604.20221130-2149\jars\org.eclipse.sisu.plexus-0.3.5.jar
2023-01-03 20:36:30,919 [Worker-22: Launching mavenrun-705a71d5-86ac-4058-b601-fb8cb965303f] INFO  o.eclipse.m2e.core.internal.Bundles - 	Entry: C:\Users\chandud\.p2\pool\plugins\org.eclipse.m2e.maven.runtime_3.8.604.20221130-2149\jars\plexus-build-api-0.0.7.jar
2023-01-03 20:36:30,919 [Worker-22: Launching mavenrun-705a71d5-86ac-4058-b601-fb8cb965303f] INFO  o.eclipse.m2e.core.internal.Bundles - 	Entry: C:\Users\chandud\.p2\pool\plugins\org.eclipse.m2e.maven.runtime_3.8.604.20221130-2149\jars\plexus-cipher-2.0.jar
2023-01-03 20:36:30,919 [Worker-22: Launching mavenrun-705a71d5-86ac-4058-b601-fb8cb965303f] INFO  o.eclipse.m2e.core.internal.Bundles - 	Entry: C:\Users\chandud\.p2\pool\plugins\org.eclipse.m2e.maven.runtime_3.8.604.20221130-2149\jars\plexus-classworlds-2.6.0.jar
2023-01-03 20:36:30,919 [Worker-22: Launching mavenrun-705a71d5-86ac-4058-b601-fb8cb965303f] INFO  o.eclipse.m2e.core.internal.Bundles - 	Entry: C:\Users\chandud\.p2\pool\plugins\org.eclipse.m2e.maven.runtime_3.8.604.20221130-2149\jars\plexus-component-annotations-2.1.0.jar
2023-01-03 20:36:30,919 [Worker-22: Launching mavenrun-705a71d5-86ac-4058-b601-fb8cb965303f] INFO  o.eclipse.m2e.core.internal.Bundles - 	Entry: C:\Users\chandud\.p2\pool\plugins\org.eclipse.m2e.maven.runtime_3.8.604.20221130-2149\jars\plexus-interpolation-1.26.jar
2023-01-03 20:36:30,919 [Worker-22: Launching mavenrun-705a71d5-86ac-4058-b601-fb8cb965303f] INFO  o.eclipse.m2e.core.internal.Bundles - 	Entry: C:\Users\chandud\.p2\pool\plugins\org.eclipse.m2e.maven.runtime_3.8.604.20221130-2149\jars\plexus-sec-dispatcher-2.0.jar
2023-01-03 20:36:30,920 [Worker-22: Launching mavenrun-705a71d5-86ac-4058-b601-fb8cb965303f] INFO  o.eclipse.m2e.core.internal.Bundles - 	Entry: C:\Users\chandud\.p2\pool\plugins\org.eclipse.m2e.maven.runtime_3.8.604.20221130-2149\jars\plexus-utils-3.3.1.jar
2023-01-03 20:36:30,920 [Worker-22: Launching mavenrun-705a71d5-86ac-4058-b601-fb8cb965303f] INFO  o.eclipse.m2e.core.internal.Bundles - 	Entry: C:\Users\chandud\.p2\pool\plugins\org.eclipse.m2e.maven.runtime_3.8.604.20221130-2149\jars\wagon-file-3.5.1.jar
2023-01-03 20:36:30,920 [Worker-22: Launching mavenrun-705a71d5-86ac-4058-b601-fb8cb965303f] INFO  o.eclipse.m2e.core.internal.Bundles - 	Entry: C:\Users\chandud\.p2\pool\plugins\org.eclipse.m2e.maven.runtime_3.8.604.20221130-2149\jars\wagon-provider-api-3.5.1.jar
2023-01-03 20:36:30,921 [Worker-22: Launching mavenrun-705a71d5-86ac-4058-b601-fb8cb965303f] INFO  o.eclipse.m2e.core.internal.Bundles - getClasspathEntries(Bundle=com.google.guava_30.1.0.v20221112-0806 [10])
2023-01-03 20:36:30,923 [Worker-22: Launching mavenrun-705a71d5-86ac-4058-b601-fb8cb965303f] INFO  o.eclipse.m2e.core.internal.Bundles - 	Entry: C:\Users\chandud\.p2\pool\plugins\com.google.guava_30.1.0.v20221112-0806.jar
2023-01-03 20:36:30,923 [Worker-22: Launching mavenrun-705a71d5-86ac-4058-b601-fb8cb965303f] INFO  o.eclipse.m2e.core.internal.Bundles - getClasspathEntries(Bundle=slf4j.api_1.7.36 [917])
2023-01-03 20:36:30,924 [Worker-22: Launching mavenrun-705a71d5-86ac-4058-b601-fb8cb965303f] INFO  o.eclipse.m2e.core.internal.Bundles - 	Entry: C:\Users\chandud\.p2\pool\plugins\slf4j.api_1.7.36.jar
2023-01-03 20:36:30,925 [Worker-22: Launching mavenrun-705a71d5-86ac-4058-b601-fb8cb965303f] INFO  o.eclipse.m2e.core.internal.Bundles - getClasspathEntries(Bundle=javax.inject_1.0.0.v20220405-0441 [32])
2023-01-03 20:36:30,927 [Worker-22: Launching mavenrun-705a71d5-86ac-4058-b601-fb8cb965303f] INFO  o.eclipse.m2e.core.internal.Bundles - 	Entry: C:\Users\chandud\.p2\pool\plugins\javax.inject_1.0.0.v20220405-0441.jar
2023-01-03 20:36:30,927 [Worker-22: Launching mavenrun-705a71d5-86ac-4058-b601-fb8cb965303f] INFO  o.eclipse.m2e.core.internal.Bundles - getClasspathEntries(Bundle=javax.annotation_1.3.5.v20221112-0806 [30])
2023-01-03 20:36:30,929 [Worker-22: Launching mavenrun-705a71d5-86ac-4058-b601-fb8cb965303f] INFO  o.eclipse.m2e.core.internal.Bundles - 	Entry: C:\Users\chandud\.p2\pool\plugins\javax.annotation_1.3.5.v20221112-0806.jar
2023-01-03 20:36:30,939 [Worker-22: Launching mavenrun-705a71d5-86ac-4058-b601-fb8cb965303f] INFO  o.e.m.i.launch.MavenLaunchDelegate - Run build in "C:\Users\chandud\AppData\Local\Temp\m2e-archetypeGenerator9769577285102204409":
2023-01-03 20:36:30,943 [Worker-22: Launching mavenrun-705a71d5-86ac-4058-b601-fb8cb965303f] INFO  o.e.m.i.launch.MavenLaunchDelegate -  mvn  -DarchetypeGroupId=org.glassfish.jersey.archetypes -DarchetypeArtifactId=jersey-quickstart-webapp -DarchetypeVersion=3.1.0 -DgroupId=infinite -DartifactId=AgentJsf -Dversion=0.0.1-SNAPSHOT -Dpackage=com.java.infinite.Agent -DoutputDirectory=D:\Java_Training\Java_Training\SessionManagment03-01_2 -Dstyle.color=always -U archetype:generate
2023-01-03 20:37:52,430 [Worker-14: Creating jersey-quickstart-webapp] INFO  o.e.m.c.i.p.ProjectConfigurationManager - Collecting project info '/pom.xml' D:\Java_Training\Java_Training\SessionManagment03-01_2\AgentJsf\pom.xml
2023-01-03 20:37:53,285 [Worker-14: Creating jersey-quickstart-webapp] INFO  o.e.m.c.i.l.LifecycleMappingFactory - Using org.maven.ide.eclipse.wtp.WarLifecycleMapping lifecycle mapping for MavenProject: infinite:AgentJsf:0.0.1-SNAPSHOT @ D:\Java_Training\Java_Training\SessionManagment03-01_2\AgentJsf\pom.xml.
2023-01-03 20:41:45,020 [Worker-28: Launching mavenrun-568c1a89-01b3-4c6e-9474-d585cbff4d2f] INFO  o.e.m.i.launch.MavenLaunchDelegate - Run build in "C:\Users\chandud\AppData\Local\Temp\m2e-archetypeGenerator14341910971623300430":
2023-01-03 20:41:45,021 [Worker-28: Launching mavenrun-568c1a89-01b3-4c6e-9474-d585cbff4d2f] INFO  o.e.m.i.launch.MavenLaunchDelegate -  mvn  -DarchetypeGroupId=org.glassfish.jersey.archetypes -DarchetypeArtifactId=jersey-quickstart-webapp -DarchetypeVersion=3.1.0 -DgroupId=infinite -DartifactId=NewAgentJsf -Dversion=0.0.1-SNAPSHOT -Dpackage=com.java.infinite.AgentJsf -DoutputDirectory=D:\Java_Training\Java_Training\SessionManagment03-01_2 -Dstyle.color=always -U archetype:generate
2023-01-03 20:42:08,995 [Worker-22: Creating jersey-quickstart-webapp] INFO  o.e.m.c.i.p.ProjectConfigurationManager - Collecting project info '/pom.xml' D:\Java_Training\Java_Training\SessionManagment03-01_2\NewAgentJsf\pom.xml
2023-01-03 20:42:09,488 [Worker-22: Creating jersey-quickstart-webapp] INFO  o.e.m.c.i.l.LifecycleMappingFactory - Using org.maven.ide.eclipse.wtp.WarLifecycleMapping lifecycle mapping for MavenProject: infinite:NewAgentJsf:0.0.1-SNAPSHOT @ D:\Java_Training\Java_Training\SessionManagment03-01_2\NewAgentJsf\pom.xml.
2023-01-03 22:26:38,963 [Worker-6: Loading available Gradle versions] INFO  o.e.b.c.i.u.g.PublishedGradleVersions - Gradle version information cache is up-to-date. Trying to read.
