2022-12-30 21:34:46,521 [Worker-6: Loading available Gradle versions] INFO  o.e.b.c.i.u.g.PublishedGradleVersions - Gradle version information cache is up-to-date. Trying to read.
2022-12-30 23:01:14,055 [Worker-14: Loading available Gradle versions] INFO  o.e.b.c.i.u.g.PublishedGradleVersions - Gradle version information cache is up-to-date. Trying to read.
2022-12-31 07:11:50,426 [Worker-18: Loading available Gradle versions] INFO  o.e.b.c.i.u.g.PublishedGradleVersions - Gradle version information cache is up-to-date. Trying to read.
2022-12-31 07:41:27,072 [Worker-7: Loading available Gradle versions] INFO  o.e.b.c.i.u.g.PublishedGradleVersions - Gradle version information cache is up-to-date. Trying to read.
2022-12-31 07:48:21,661 [ModalContext] INFO  o.e.m.c.i.e.AbstractTransferListenerAdapter - Downloading https://repo.maven.apache.org/maven2/de/bripkens/java-quickstart/0.2.0/java-quickstart-0.2.0.pom
2022-12-31 07:48:21,900 [ModalContext] INFO  o.e.m.c.i.e.AbstractTransferListenerAdapter - Downloaded https://repo.maven.apache.org/maven2/de/bripkens/java-quickstart/0.2.0/java-quickstart-0.2.0.pom
2022-12-31 07:48:22,135 [ModalContext] INFO  o.e.m.c.i.e.AbstractTransferListenerAdapter - Downloading https://repo.maven.apache.org/maven2/de/bripkens/java-quickstart/0.2.0/java-quickstart-0.2.0.jar
2022-12-31 07:48:22,356 [ModalContext] INFO  o.e.m.c.i.e.AbstractTransferListenerAdapter - Downloaded https://repo.maven.apache.org/maven2/de/bripkens/java-quickstart/0.2.0/java-quickstart-0.2.0.jar
2022-12-31 07:48:59,004 [Worker-26: Launching mavenrun-fd5c77b0-375d-4ba9-b2c9-92fc634c777a] INFO  o.eclipse.m2e.core.internal.Bundles - getClasspathEntries(Bundle=org.eclipse.m2e.maven.runtime_3.8.604.20221130-2149 [605])
2022-12-31 07:48:59,013 [Worker-26: Launching mavenrun-fd5c77b0-375d-4ba9-b2c9-92fc634c777a] INFO  o.eclipse.m2e.core.internal.Bundles - 	Entry: C:\Users\chandud\.p2\pool\plugins\org.eclipse.m2e.maven.runtime_3.8.604.20221130-2149
2022-12-31 07:48:59,014 [Worker-26: Launching mavenrun-fd5c77b0-375d-4ba9-b2c9-92fc634c777a] INFO  o.eclipse.m2e.core.internal.Bundles - 	Entry: C:\Users\chandud\.p2\pool\plugins\org.eclipse.m2e.maven.runtime_3.8.604.20221130-2149\jars\aether-connector-okhttp-0.17.8.jar
2022-12-31 07:48:59,014 [Worker-26: Launching mavenrun-fd5c77b0-375d-4ba9-b2c9-92fc634c777a] INFO  o.eclipse.m2e.core.internal.Bundles - 	Entry: C:\Users\chandud\.p2\pool\plugins\org.eclipse.m2e.maven.runtime_3.8.604.20221130-2149\jars\commons-cli-1.4.jar
2022-12-31 07:48:59,014 [Worker-26: Launching mavenrun-fd5c77b0-375d-4ba9-b2c9-92fc634c777a] INFO  o.eclipse.m2e.core.internal.Bundles - 	Entry: C:\Users\chandud\.p2\pool\plugins\org.eclipse.m2e.maven.runtime_3.8.604.20221130-2149\jars\commons-io-2.6.jar
2022-12-31 07:48:59,014 [Worker-26: Launching mavenrun-fd5c77b0-375d-4ba9-b2c9-92fc634c777a] INFO  o.eclipse.m2e.core.internal.Bundles - 	Entry: C:\Users\chandud\.p2\pool\plugins\org.eclipse.m2e.maven.runtime_3.8.604.20221130-2149\jars\commons-lang3-3.8.1.jar
2022-12-31 07:48:59,015 [Worker-26: Launching mavenrun-fd5c77b0-375d-4ba9-b2c9-92fc634c777a] INFO  o.eclipse.m2e.core.internal.Bundles - 	Entry: C:\Users\chandud\.p2\pool\plugins\org.eclipse.m2e.maven.runtime_3.8.604.20221130-2149\jars\guice-4.2.2-no_aop.jar
2022-12-31 07:48:59,015 [Worker-26: Launching mavenrun-fd5c77b0-375d-4ba9-b2c9-92fc634c777a] INFO  o.eclipse.m2e.core.internal.Bundles - 	Entry: C:\Users\chandud\.p2\pool\plugins\org.eclipse.m2e.maven.runtime_3.8.604.20221130-2149\jars\jansi-2.4.0.jar
2022-12-31 07:48:59,015 [Worker-26: Launching mavenrun-fd5c77b0-375d-4ba9-b2c9-92fc634c777a] INFO  o.eclipse.m2e.core.internal.Bundles - 	Entry: C:\Users\chandud\.p2\pool\plugins\org.eclipse.m2e.maven.runtime_3.8.604.20221130-2149\jars\maven-artifact-3.8.6.jar
2022-12-31 07:48:59,015 [Worker-26: Launching mavenrun-fd5c77b0-375d-4ba9-b2c9-92fc634c777a] INFO  o.eclipse.m2e.core.internal.Bundles - 	Entry: C:\Users\chandud\.p2\pool\plugins\org.eclipse.m2e.maven.runtime_3.8.604.20221130-2149\jars\maven-builder-support-3.8.6.jar
2022-12-31 07:48:59,015 [Worker-26: Launching mavenrun-fd5c77b0-375d-4ba9-b2c9-92fc634c777a] INFO  o.eclipse.m2e.core.internal.Bundles - 	Entry: C:\Users\chandud\.p2\pool\plugins\org.eclipse.m2e.maven.runtime_3.8.604.20221130-2149\jars\maven-compat-3.8.6.jar
2022-12-31 07:48:59,016 [Worker-26: Launching mavenrun-fd5c77b0-375d-4ba9-b2c9-92fc634c777a] INFO  o.eclipse.m2e.core.internal.Bundles - 	Entry: C:\Users\chandud\.p2\pool\plugins\org.eclipse.m2e.maven.runtime_3.8.604.20221130-2149\jars\maven-core-3.8.6.jar
2022-12-31 07:48:59,016 [Worker-26: Launching mavenrun-fd5c77b0-375d-4ba9-b2c9-92fc634c777a] INFO  o.eclipse.m2e.core.internal.Bundles - 	Entry: C:\Users\chandud\.p2\pool\plugins\org.eclipse.m2e.maven.runtime_3.8.604.20221130-2149\jars\maven-embedder-3.8.6.jar
2022-12-31 07:48:59,016 [Worker-26: Launching mavenrun-fd5c77b0-375d-4ba9-b2c9-92fc634c777a] INFO  o.eclipse.m2e.core.internal.Bundles - 	Entry: C:\Users\chandud\.p2\pool\plugins\org.eclipse.m2e.maven.runtime_3.8.604.20221130-2149\jars\maven-model-3.8.6.jar
2022-12-31 07:48:59,016 [Worker-26: Launching mavenrun-fd5c77b0-375d-4ba9-b2c9-92fc634c777a] INFO  o.eclipse.m2e.core.internal.Bundles - 	Entry: C:\Users\chandud\.p2\pool\plugins\org.eclipse.m2e.maven.runtime_3.8.604.20221130-2149\jars\maven-model-builder-3.8.6.jar
2022-12-31 07:48:59,017 [Worker-26: Launching mavenrun-fd5c77b0-375d-4ba9-b2c9-92fc634c777a] INFO  o.eclipse.m2e.core.internal.Bundles - 	Entry: C:\Users\chandud\.p2\pool\plugins\org.eclipse.m2e.maven.runtime_3.8.604.20221130-2149\jars\maven-plugin-api-3.8.6.jar
2022-12-31 07:48:59,017 [Worker-26: Launching mavenrun-fd5c77b0-375d-4ba9-b2c9-92fc634c777a] INFO  o.eclipse.m2e.core.internal.Bundles - 	Entry: C:\Users\chandud\.p2\pool\plugins\org.eclipse.m2e.maven.runtime_3.8.604.20221130-2149\jars\maven-repository-metadata-3.8.6.jar
2022-12-31 07:48:59,017 [Worker-26: Launching mavenrun-fd5c77b0-375d-4ba9-b2c9-92fc634c777a] INFO  o.eclipse.m2e.core.internal.Bundles - 	Entry: C:\Users\chandud\.p2\pool\plugins\org.eclipse.m2e.maven.runtime_3.8.604.20221130-2149\jars\maven-resolver-api-1.6.3.jar
2022-12-31 07:48:59,017 [Worker-26: Launching mavenrun-fd5c77b0-375d-4ba9-b2c9-92fc634c777a] INFO  o.eclipse.m2e.core.internal.Bundles - 	Entry: C:\Users\chandud\.p2\pool\plugins\org.eclipse.m2e.maven.runtime_3.8.604.20221130-2149\jars\maven-resolver-connector-basic-1.6.3.jar
2022-12-31 07:48:59,017 [Worker-26: Launching mavenrun-fd5c77b0-375d-4ba9-b2c9-92fc634c777a] INFO  o.eclipse.m2e.core.internal.Bundles - 	Entry: C:\Users\chandud\.p2\pool\plugins\org.eclipse.m2e.maven.runtime_3.8.604.20221130-2149\jars\maven-resolver-impl-1.6.3.jar
2022-12-31 07:48:59,017 [Worker-26: Launching mavenrun-fd5c77b0-375d-4ba9-b2c9-92fc634c777a] INFO  o.eclipse.m2e.core.internal.Bundles - 	Entry: C:\Users\chandud\.p2\pool\plugins\org.eclipse.m2e.maven.runtime_3.8.604.20221130-2149\jars\maven-resolver-provider-3.8.6.jar
2022-12-31 07:48:59,018 [Worker-26: Launching mavenrun-fd5c77b0-375d-4ba9-b2c9-92fc634c777a] INFO  o.eclipse.m2e.core.internal.Bundles - 	Entry: C:\Users\chandud\.p2\pool\plugins\org.eclipse.m2e.maven.runtime_3.8.604.20221130-2149\jars\maven-resolver-spi-1.6.3.jar
2022-12-31 07:48:59,018 [Worker-26: Launching mavenrun-fd5c77b0-375d-4ba9-b2c9-92fc634c777a] INFO  o.eclipse.m2e.core.internal.Bundles - 	Entry: C:\Users\chandud\.p2\pool\plugins\org.eclipse.m2e.maven.runtime_3.8.604.20221130-2149\jars\maven-resolver-transport-wagon-1.6.3.jar
2022-12-31 07:48:59,018 [Worker-26: Launching mavenrun-fd5c77b0-375d-4ba9-b2c9-92fc634c777a] INFO  o.eclipse.m2e.core.internal.Bundles - 	Entry: C:\Users\chandud\.p2\pool\plugins\org.eclipse.m2e.maven.runtime_3.8.604.20221130-2149\jars\maven-resolver-util-1.6.3.jar
2022-12-31 07:48:59,018 [Worker-26: Launching mavenrun-fd5c77b0-375d-4ba9-b2c9-92fc634c777a] INFO  o.eclipse.m2e.core.internal.Bundles - 	Entry: C:\Users\chandud\.p2\pool\plugins\org.eclipse.m2e.maven.runtime_3.8.604.20221130-2149\jars\maven-settings-3.8.6.jar
2022-12-31 07:48:59,018 [Worker-26: Launching mavenrun-fd5c77b0-375d-4ba9-b2c9-92fc634c777a] INFO  o.eclipse.m2e.core.internal.Bundles - 	Entry: C:\Users\chandud\.p2\pool\plugins\org.eclipse.m2e.maven.runtime_3.8.604.20221130-2149\jars\maven-settings-builder-3.8.6.jar
2022-12-31 07:48:59,018 [Worker-26: Launching mavenrun-fd5c77b0-375d-4ba9-b2c9-92fc634c777a] INFO  o.eclipse.m2e.core.internal.Bundles - 	Entry: C:\Users\chandud\.p2\pool\plugins\org.eclipse.m2e.maven.runtime_3.8.604.20221130-2149\jars\maven-shared-utils-3.3.4.jar
2022-12-31 07:48:59,018 [Worker-26: Launching mavenrun-fd5c77b0-375d-4ba9-b2c9-92fc634c777a] INFO  o.eclipse.m2e.core.internal.Bundles - 	Entry: C:\Users\chandud\.p2\pool\plugins\org.eclipse.m2e.maven.runtime_3.8.604.20221130-2149\jars\okhttp-3.14.1.jar
2022-12-31 07:48:59,019 [Worker-26: Launching mavenrun-fd5c77b0-375d-4ba9-b2c9-92fc634c777a] INFO  o.eclipse.m2e.core.internal.Bundles - 	Entry: C:\Users\chandud\.p2\pool\plugins\org.eclipse.m2e.maven.runtime_3.8.604.20221130-2149\jars\okio-1.17.3.jar
2022-12-31 07:48:59,019 [Worker-26: Launching mavenrun-fd5c77b0-375d-4ba9-b2c9-92fc634c777a] INFO  o.eclipse.m2e.core.internal.Bundles - 	Entry: C:\Users\chandud\.p2\pool\plugins\org.eclipse.m2e.maven.runtime_3.8.604.20221130-2149\jars\org.eclipse.sisu.inject-0.3.5.jar
2022-12-31 07:48:59,019 [Worker-26: Launching mavenrun-fd5c77b0-375d-4ba9-b2c9-92fc634c777a] INFO  o.eclipse.m2e.core.internal.Bundles - 	Entry: C:\Users\chandud\.p2\pool\plugins\org.eclipse.m2e.maven.runtime_3.8.604.20221130-2149\jars\org.eclipse.sisu.plexus-0.3.5.jar
2022-12-31 07:48:59,019 [Worker-26: Launching mavenrun-fd5c77b0-375d-4ba9-b2c9-92fc634c777a] INFO  o.eclipse.m2e.core.internal.Bundles - 	Entry: C:\Users\chandud\.p2\pool\plugins\org.eclipse.m2e.maven.runtime_3.8.604.20221130-2149\jars\plexus-build-api-0.0.7.jar
2022-12-31 07:48:59,019 [Worker-26: Launching mavenrun-fd5c77b0-375d-4ba9-b2c9-92fc634c777a] INFO  o.eclipse.m2e.core.internal.Bundles - 	Entry: C:\Users\chandud\.p2\pool\plugins\org.eclipse.m2e.maven.runtime_3.8.604.20221130-2149\jars\plexus-cipher-2.0.jar
2022-12-31 07:48:59,019 [Worker-26: Launching mavenrun-fd5c77b0-375d-4ba9-b2c9-92fc634c777a] INFO  o.eclipse.m2e.core.internal.Bundles - 	Entry: C:\Users\chandud\.p2\pool\plugins\org.eclipse.m2e.maven.runtime_3.8.604.20221130-2149\jars\plexus-classworlds-2.6.0.jar
2022-12-31 07:48:59,019 [Worker-26: Launching mavenrun-fd5c77b0-375d-4ba9-b2c9-92fc634c777a] INFO  o.eclipse.m2e.core.internal.Bundles - 	Entry: C:\Users\chandud\.p2\pool\plugins\org.eclipse.m2e.maven.runtime_3.8.604.20221130-2149\jars\plexus-component-annotations-2.1.0.jar
2022-12-31 07:48:59,019 [Worker-26: Launching mavenrun-fd5c77b0-375d-4ba9-b2c9-92fc634c777a] INFO  o.eclipse.m2e.core.internal.Bundles - 	Entry: C:\Users\chandud\.p2\pool\plugins\org.eclipse.m2e.maven.runtime_3.8.604.20221130-2149\jars\plexus-interpolation-1.26.jar
2022-12-31 07:48:59,019 [Worker-26: Launching mavenrun-fd5c77b0-375d-4ba9-b2c9-92fc634c777a] INFO  o.eclipse.m2e.core.internal.Bundles - 	Entry: C:\Users\chandud\.p2\pool\plugins\org.eclipse.m2e.maven.runtime_3.8.604.20221130-2149\jars\plexus-sec-dispatcher-2.0.jar
2022-12-31 07:48:59,020 [Worker-26: Launching mavenrun-fd5c77b0-375d-4ba9-b2c9-92fc634c777a] INFO  o.eclipse.m2e.core.internal.Bundles - 	Entry: C:\Users\chandud\.p2\pool\plugins\org.eclipse.m2e.maven.runtime_3.8.604.20221130-2149\jars\plexus-utils-3.3.1.jar
2022-12-31 07:48:59,020 [Worker-26: Launching mavenrun-fd5c77b0-375d-4ba9-b2c9-92fc634c777a] INFO  o.eclipse.m2e.core.internal.Bundles - 	Entry: C:\Users\chandud\.p2\pool\plugins\org.eclipse.m2e.maven.runtime_3.8.604.20221130-2149\jars\wagon-file-3.5.1.jar
2022-12-31 07:48:59,020 [Worker-26: Launching mavenrun-fd5c77b0-375d-4ba9-b2c9-92fc634c777a] INFO  o.eclipse.m2e.core.internal.Bundles - 	Entry: C:\Users\chandud\.p2\pool\plugins\org.eclipse.m2e.maven.runtime_3.8.604.20221130-2149\jars\wagon-provider-api-3.5.1.jar
2022-12-31 07:48:59,022 [Worker-26: Launching mavenrun-fd5c77b0-375d-4ba9-b2c9-92fc634c777a] INFO  o.eclipse.m2e.core.internal.Bundles - getClasspathEntries(Bundle=com.google.guava_30.1.0.v20221112-0806 [10])
2022-12-31 07:48:59,025 [Worker-26: Launching mavenrun-fd5c77b0-375d-4ba9-b2c9-92fc634c777a] INFO  o.eclipse.m2e.core.internal.Bundles - 	Entry: C:\Users\chandud\.p2\pool\plugins\com.google.guava_30.1.0.v20221112-0806.jar
2022-12-31 07:48:59,025 [Worker-26: Launching mavenrun-fd5c77b0-375d-4ba9-b2c9-92fc634c777a] INFO  o.eclipse.m2e.core.internal.Bundles - getClasspathEntries(Bundle=slf4j.api_1.7.36 [917])
2022-12-31 07:48:59,026 [Worker-26: Launching mavenrun-fd5c77b0-375d-4ba9-b2c9-92fc634c777a] INFO  o.eclipse.m2e.core.internal.Bundles - 	Entry: C:\Users\chandud\.p2\pool\plugins\slf4j.api_1.7.36.jar
2022-12-31 07:48:59,026 [Worker-26: Launching mavenrun-fd5c77b0-375d-4ba9-b2c9-92fc634c777a] INFO  o.eclipse.m2e.core.internal.Bundles - getClasspathEntries(Bundle=javax.inject_1.0.0.v20220405-0441 [32])
2022-12-31 07:48:59,027 [Worker-26: Launching mavenrun-fd5c77b0-375d-4ba9-b2c9-92fc634c777a] INFO  o.eclipse.m2e.core.internal.Bundles - 	Entry: C:\Users\chandud\.p2\pool\plugins\javax.inject_1.0.0.v20220405-0441.jar
2022-12-31 07:48:59,027 [Worker-26: Launching mavenrun-fd5c77b0-375d-4ba9-b2c9-92fc634c777a] INFO  o.eclipse.m2e.core.internal.Bundles - getClasspathEntries(Bundle=javax.annotation_1.3.5.v20221112-0806 [30])
2022-12-31 07:48:59,029 [Worker-26: Launching mavenrun-fd5c77b0-375d-4ba9-b2c9-92fc634c777a] INFO  o.eclipse.m2e.core.internal.Bundles - 	Entry: C:\Users\chandud\.p2\pool\plugins\javax.annotation_1.3.5.v20221112-0806.jar
2022-12-31 07:48:59,036 [Worker-26: Launching mavenrun-fd5c77b0-375d-4ba9-b2c9-92fc634c777a] INFO  o.e.m.i.launch.MavenLaunchDelegate - Run build in "C:\Users\chandud\AppData\Local\Temp\m2e-archetypeGenerator5119867780138883972":
2022-12-31 07:48:59,039 [Worker-26: Launching mavenrun-fd5c77b0-375d-4ba9-b2c9-92fc634c777a] INFO  o.e.m.i.launch.MavenLaunchDelegate -  mvn  -DarchetypeGroupId=de.bripkens -DarchetypeArtifactId=java-quickstart -DarchetypeVersion=0.2.0 -DgroupId=NewAgentRealTime -DartifactId=Agent -Dversion=0.0.1-SNAPSHOT -Dpackage=NewAgentRealTime.Agent -DoutputDirectory=D:\Java_Training\Java_Training\Practice -Dstyle.color=always -U archetype:generate
2022-12-31 07:57:49,173 [Worker-32: Launching mavenrun-6d850829-b51a-4a9b-8c38-33081eb330c4] INFO  o.e.m.i.launch.MavenLaunchDelegate - Run build in "C:\Users\chandud\AppData\Local\Temp\m2e-archetypeGenerator8618655865374486294":
2022-12-31 07:57:49,174 [Worker-32: Launching mavenrun-6d850829-b51a-4a9b-8c38-33081eb330c4] INFO  o.e.m.i.launch.MavenLaunchDelegate -  mvn  -DarchetypeGroupId=de.bripkens -DarchetypeArtifactId=java-quickstart -DarchetypeVersion=0.2.0 -DgroupId=NewAgentRealTime -DartifactId=Agent -Dversion=0.0.1-SNAPSHOT -Dpackage=NewAgentRealTime.Agent -DoutputDirectory=D:\Java_Training\Java_Training\Practice -Dstyle.color=always -U archetype:generate
2022-12-31 07:58:41,826 [Worker-25: Creating java-quickstart] INFO  o.e.m.c.i.p.ProjectConfigurationManager - Collecting project info '/pom.xml' D:\Java_Training\Java_Training\Practice\Agent\pom.xml
2022-12-31 07:58:42,560 [Worker-25: Creating java-quickstart] INFO  o.e.m.c.i.l.LifecycleMappingFactory - Using org.eclipse.m2e.jdt.JarLifecycleMapping lifecycle mapping for MavenProject: NewAgentRealTime:Agent:0.0.1-SNAPSHOT @ D:\Java_Training\Java_Training\Practice\Agent\pom.xml.
2022-12-31 07:58:42,926 [Worker-25: Creating java-quickstart] INFO  o.e.m.j.i.AbstractJavaProjectConfigurator - Adding source folder /Agent/src/main/java
2022-12-31 07:58:42,931 [Worker-25: Creating java-quickstart] INFO  o.e.m.j.i.AbstractJavaProjectConfigurator - Adding source folder /Agent/src/test/java
2022-12-31 07:58:43,016 [Worker-25: Creating java-quickstart] INFO  o.e.m.c.i.p.ProjectConfigurationManager - Imported and configured 1 project(s) in 1 sec
2022-12-31 07:58:43,271 [Worker-25: Building] INFO  o.e.m.c.i.embedder.EclipseLogger - Using 'UTF-8' encoding to copy filtered resources.
2022-12-31 07:58:43,271 [Worker-25: Building] INFO  o.e.m.c.i.embedder.EclipseLogger - skip non existing resourceDirectory D:\Java_Training\Java_Training\Practice\Agent\src\main\resources
2022-12-31 07:58:43,273 [Worker-25: Building] INFO  o.e.m.c.i.embedder.EclipseLogger - Using 'UTF-8' encoding to copy filtered resources.
2022-12-31 07:58:43,273 [Worker-25: Building] INFO  o.e.m.c.i.embedder.EclipseLogger - skip non existing resourceDirectory D:\Java_Training\Java_Training\Practice\Agent\src\test\resources
2022-12-31 07:59:06,557 [Worker-31: Building] INFO  o.e.m.c.i.embedder.EclipseLogger - Using 'UTF-8' encoding to copy filtered resources.
2022-12-31 07:59:06,558 [Worker-31: Building] INFO  o.e.m.c.i.embedder.EclipseLogger - skip non existing resourceDirectory D:\Java_Training\Java_Training\Practice\Agent\src\main\resources
2022-12-31 07:59:06,559 [Worker-31: Building] INFO  o.e.m.c.i.embedder.EclipseLogger - Using 'UTF-8' encoding to copy filtered resources.
2022-12-31 07:59:06,559 [Worker-31: Building] INFO  o.e.m.c.i.embedder.EclipseLogger - skip non existing resourceDirectory D:\Java_Training\Java_Training\Practice\Agent\src\test\resources
2022-12-31 07:59:55,923 [Worker-30: Building] INFO  o.e.m.c.i.embedder.EclipseLogger - Using 'UTF-8' encoding to copy filtered resources.
2022-12-31 07:59:55,923 [Worker-30: Building] INFO  o.e.m.c.i.embedder.EclipseLogger - skip non existing resourceDirectory D:\Java_Training\Java_Training\Practice\Agent\src\main\resources
2022-12-31 07:59:55,925 [Worker-30: Building] INFO  o.e.m.c.i.embedder.EclipseLogger - Using 'UTF-8' encoding to copy filtered resources.
2022-12-31 07:59:55,925 [Worker-30: Building] INFO  o.e.m.c.i.embedder.EclipseLogger - skip non existing resourceDirectory D:\Java_Training\Java_Training\Practice\Agent\src\test\resources
2022-12-31 07:59:59,994 [Worker-31: Building] INFO  o.e.m.c.i.embedder.EclipseLogger - Using 'UTF-8' encoding to copy filtered resources.
2022-12-31 07:59:59,995 [Worker-31: Building] INFO  o.e.m.c.i.embedder.EclipseLogger - skip non existing resourceDirectory D:\Java_Training\Java_Training\Practice\Agent\src\main\resources
2022-12-31 07:59:59,996 [Worker-31: Building] INFO  o.e.m.c.i.embedder.EclipseLogger - Using 'UTF-8' encoding to copy filtered resources.
2022-12-31 07:59:59,996 [Worker-31: Building] INFO  o.e.m.c.i.embedder.EclipseLogger - skip non existing resourceDirectory D:\Java_Training\Java_Training\Practice\Agent\src\test\resources
2022-12-31 08:01:07,133 [Worker-29: Building] INFO  o.e.m.c.i.l.LifecycleMappingFactory - Using org.eclipse.m2e.jdt.JarLifecycleMapping lifecycle mapping for MavenProject: NewAgentRealTime:Agent:0.0.1-SNAPSHOT @ D:\Java_Training\Java_Training\Practice\Agent\pom.xml.
2022-12-31 08:01:07,303 [Worker-29: Building] INFO  o.e.m.c.i.embedder.EclipseLogger - Using 'UTF-8' encoding to copy filtered resources.
2022-12-31 08:01:07,303 [Worker-29: Building] INFO  o.e.m.c.i.embedder.EclipseLogger - skip non existing resourceDirectory D:\Java_Training\Java_Training\Practice\Agent\src\main\resources
2022-12-31 08:01:07,305 [Worker-29: Building] INFO  o.e.m.c.i.embedder.EclipseLogger - Using 'UTF-8' encoding to copy filtered resources.
2022-12-31 08:01:07,305 [Worker-29: Building] INFO  o.e.m.c.i.embedder.EclipseLogger - skip non existing resourceDirectory D:\Java_Training\Java_Training\Practice\Agent\src\test\resources
2022-12-31 08:01:08,551 [Worker-31: Building] INFO  o.e.m.c.i.embedder.EclipseLogger - Using 'UTF-8' encoding to copy filtered resources.
2022-12-31 08:01:08,551 [Worker-31: Building] INFO  o.e.m.c.i.embedder.EclipseLogger - skip non existing resourceDirectory D:\Java_Training\Java_Training\Practice\Agent\src\main\resources
2022-12-31 08:01:08,552 [Worker-31: Building] INFO  o.e.m.c.i.embedder.EclipseLogger - Using 'UTF-8' encoding to copy filtered resources.
2022-12-31 08:01:08,552 [Worker-31: Building] INFO  o.e.m.c.i.embedder.EclipseLogger - skip non existing resourceDirectory D:\Java_Training\Java_Training\Practice\Agent\src\test\resources
2022-12-31 08:02:16,871 [Worker-26: Building] INFO  o.e.m.c.i.embedder.EclipseLogger - Using 'UTF-8' encoding to copy filtered resources.
2022-12-31 08:02:16,872 [Worker-26: Building] INFO  o.e.m.c.i.embedder.EclipseLogger - skip non existing resourceDirectory D:\Java_Training\Java_Training\Practice\Agent\src\main\resources
2022-12-31 08:02:16,873 [Worker-26: Building] INFO  o.e.m.c.i.embedder.EclipseLogger - Using 'UTF-8' encoding to copy filtered resources.
2022-12-31 08:02:16,873 [Worker-26: Building] INFO  o.e.m.c.i.embedder.EclipseLogger - skip non existing resourceDirectory D:\Java_Training\Java_Training\Practice\Agent\src\test\resources
2022-12-31 08:03:55,988 [Worker-30: Building] INFO  o.e.m.c.i.embedder.EclipseLogger - Using 'UTF-8' encoding to copy filtered resources.
2022-12-31 08:03:55,988 [Worker-30: Building] INFO  o.e.m.c.i.embedder.EclipseLogger - skip non existing resourceDirectory D:\Java_Training\Java_Training\Practice\Agent\src\main\resources
2022-12-31 08:03:55,989 [Worker-30: Building] INFO  o.e.m.c.i.embedder.EclipseLogger - Using 'UTF-8' encoding to copy filtered resources.
2022-12-31 08:03:55,990 [Worker-30: Building] INFO  o.e.m.c.i.embedder.EclipseLogger - skip non existing resourceDirectory D:\Java_Training\Java_Training\Practice\Agent\src\test\resources
2022-12-31 08:04:11,723 [Worker-33: Building] INFO  o.e.m.c.i.embedder.EclipseLogger - Using 'UTF-8' encoding to copy filtered resources.
2022-12-31 08:04:11,723 [Worker-33: Building] INFO  o.e.m.c.i.embedder.EclipseLogger - skip non existing resourceDirectory D:\Java_Training\Java_Training\Practice\Agent\src\main\resources
2022-12-31 08:04:11,725 [Worker-33: Building] INFO  o.e.m.c.i.embedder.EclipseLogger - Using 'UTF-8' encoding to copy filtered resources.
2022-12-31 08:04:11,725 [Worker-33: Building] INFO  o.e.m.c.i.embedder.EclipseLogger - skip non existing resourceDirectory D:\Java_Training\Java_Training\Practice\Agent\src\test\resources
2022-12-31 08:04:25,567 [Worker-29: Building] INFO  o.e.m.c.i.embedder.EclipseLogger - Using 'UTF-8' encoding to copy filtered resources.
2022-12-31 08:04:25,567 [Worker-29: Building] INFO  o.e.m.c.i.embedder.EclipseLogger - skip non existing resourceDirectory D:\Java_Training\Java_Training\Practice\Agent\src\main\resources
2022-12-31 08:04:25,568 [Worker-29: Building] INFO  o.e.m.c.i.embedder.EclipseLogger - Using 'UTF-8' encoding to copy filtered resources.
2022-12-31 08:04:25,568 [Worker-29: Building] INFO  o.e.m.c.i.embedder.EclipseLogger - skip non existing resourceDirectory D:\Java_Training\Java_Training\Practice\Agent\src\test\resources
2022-12-31 08:04:28,757 [Worker-34: Building] INFO  o.e.m.c.i.embedder.EclipseLogger - Using 'UTF-8' encoding to copy filtered resources.
2022-12-31 08:04:28,757 [Worker-34: Building] INFO  o.e.m.c.i.embedder.EclipseLogger - skip non existing resourceDirectory D:\Java_Training\Java_Training\Practice\Agent\src\main\resources
2022-12-31 08:04:28,758 [Worker-34: Building] INFO  o.e.m.c.i.embedder.EclipseLogger - Using 'UTF-8' encoding to copy filtered resources.
2022-12-31 08:04:28,758 [Worker-34: Building] INFO  o.e.m.c.i.embedder.EclipseLogger - skip non existing resourceDirectory D:\Java_Training\Java_Training\Practice\Agent\src\test\resources
2022-12-31 08:04:30,629 [Worker-29: Building] INFO  o.e.m.c.i.embedder.EclipseLogger - Using 'UTF-8' encoding to copy filtered resources.
2022-12-31 08:04:30,629 [Worker-29: Building] INFO  o.e.m.c.i.embedder.EclipseLogger - skip non existing resourceDirectory D:\Java_Training\Java_Training\Practice\Agent\src\main\resources
2022-12-31 08:04:30,631 [Worker-29: Building] INFO  o.e.m.c.i.embedder.EclipseLogger - Using 'UTF-8' encoding to copy filtered resources.
2022-12-31 08:04:30,631 [Worker-29: Building] INFO  o.e.m.c.i.embedder.EclipseLogger - skip non existing resourceDirectory D:\Java_Training\Java_Training\Practice\Agent\src\test\resources
2022-12-31 08:06:17,020 [Worker-32: Building] INFO  o.e.m.c.i.embedder.EclipseLogger - Using 'UTF-8' encoding to copy filtered resources.
2022-12-31 08:06:17,021 [Worker-32: Building] INFO  o.e.m.c.i.embedder.EclipseLogger - skip non existing resourceDirectory D:\Java_Training\Java_Training\Practice\Agent\src\main\resources
2022-12-31 08:06:17,021 [Worker-32: Building] INFO  o.e.m.c.i.embedder.EclipseLogger - Using 'UTF-8' encoding to copy filtered resources.
2022-12-31 08:06:17,022 [Worker-32: Building] INFO  o.e.m.c.i.embedder.EclipseLogger - skip non existing resourceDirectory D:\Java_Training\Java_Training\Practice\Agent\src\test\resources
2022-12-31 08:08:54,213 [Worker-35: Building] INFO  o.e.m.c.i.embedder.EclipseLogger - Using 'UTF-8' encoding to copy filtered resources.
2022-12-31 08:08:54,213 [Worker-35: Building] INFO  o.e.m.c.i.embedder.EclipseLogger - skip non existing resourceDirectory D:\Java_Training\Java_Training\Practice\Agent\src\main\resources
2022-12-31 08:08:54,215 [Worker-35: Building] INFO  o.e.m.c.i.embedder.EclipseLogger - Using 'UTF-8' encoding to copy filtered resources.
2022-12-31 08:08:54,215 [Worker-35: Building] INFO  o.e.m.c.i.embedder.EclipseLogger - skip non existing resourceDirectory D:\Java_Training\Java_Training\Practice\Agent\src\test\resources
2022-12-31 08:09:19,355 [Worker-35: Building] INFO  o.e.m.c.i.embedder.EclipseLogger - Using 'UTF-8' encoding to copy filtered resources.
2022-12-31 08:09:19,356 [Worker-35: Building] INFO  o.e.m.c.i.embedder.EclipseLogger - skip non existing resourceDirectory D:\Java_Training\Java_Training\Practice\Agent\src\main\resources
2022-12-31 08:09:19,356 [Worker-35: Building] INFO  o.e.m.c.i.embedder.EclipseLogger - Using 'UTF-8' encoding to copy filtered resources.
2022-12-31 08:09:19,356 [Worker-35: Building] INFO  o.e.m.c.i.embedder.EclipseLogger - skip non existing resourceDirectory D:\Java_Training\Java_Training\Practice\Agent\src\test\resources
2022-12-31 08:09:56,246 [Worker-30: Building] INFO  o.e.m.c.i.embedder.EclipseLogger - Using 'UTF-8' encoding to copy filtered resources.
2022-12-31 08:09:56,246 [Worker-30: Building] INFO  o.e.m.c.i.embedder.EclipseLogger - skip non existing resourceDirectory D:\Java_Training\Java_Training\Practice\Agent\src\main\resources
2022-12-31 08:09:56,249 [Worker-30: Building] INFO  o.e.m.c.i.embedder.EclipseLogger - Using 'UTF-8' encoding to copy filtered resources.
2022-12-31 08:09:56,249 [Worker-30: Building] INFO  o.e.m.c.i.embedder.EclipseLogger - skip non existing resourceDirectory D:\Java_Training\Java_Training\Practice\Agent\src\test\resources
2022-12-31 08:10:22,389 [Worker-37: Building] INFO  o.e.m.c.i.embedder.EclipseLogger - Using 'UTF-8' encoding to copy filtered resources.
2022-12-31 08:10:22,389 [Worker-37: Building] INFO  o.e.m.c.i.embedder.EclipseLogger - skip non existing resourceDirectory D:\Java_Training\Java_Training\Practice\Agent\src\main\resources
2022-12-31 08:10:22,390 [Worker-37: Building] INFO  o.e.m.c.i.embedder.EclipseLogger - Using 'UTF-8' encoding to copy filtered resources.
2022-12-31 08:10:22,390 [Worker-37: Building] INFO  o.e.m.c.i.embedder.EclipseLogger - skip non existing resourceDirectory D:\Java_Training\Java_Training\Practice\Agent\src\test\resources
2022-12-31 08:10:54,929 [Worker-30: Building] INFO  o.e.m.c.i.embedder.EclipseLogger - Using 'UTF-8' encoding to copy filtered resources.
2022-12-31 08:10:54,929 [Worker-30: Building] INFO  o.e.m.c.i.embedder.EclipseLogger - skip non existing resourceDirectory D:\Java_Training\Java_Training\Practice\Agent\src\main\resources
2022-12-31 08:10:54,930 [Worker-30: Building] INFO  o.e.m.c.i.embedder.EclipseLogger - Using 'UTF-8' encoding to copy filtered resources.
2022-12-31 08:10:54,930 [Worker-30: Building] INFO  o.e.m.c.i.embedder.EclipseLogger - skip non existing resourceDirectory D:\Java_Training\Java_Training\Practice\Agent\src\test\resources
2022-12-31 08:22:40,613 [Worker-35: Building] INFO  o.e.m.c.i.embedder.EclipseLogger - Using 'UTF-8' encoding to copy filtered resources.
2022-12-31 08:22:40,613 [Worker-35: Building] INFO  o.e.m.c.i.embedder.EclipseLogger - skip non existing resourceDirectory D:\Java_Training\Java_Training\Practice\Agent\src\main\resources
2022-12-31 08:22:40,614 [Worker-35: Building] INFO  o.e.m.c.i.embedder.EclipseLogger - Using 'UTF-8' encoding to copy filtered resources.
2022-12-31 08:22:40,614 [Worker-35: Building] INFO  o.e.m.c.i.embedder.EclipseLogger - skip non existing resourceDirectory D:\Java_Training\Java_Training\Practice\Agent\src\test\resources
2022-12-31 08:22:43,328 [Worker-35: Building] INFO  o.e.m.c.i.embedder.EclipseLogger - Using 'UTF-8' encoding to copy filtered resources.
2022-12-31 08:22:43,328 [Worker-35: Building] INFO  o.e.m.c.i.embedder.EclipseLogger - skip non existing resourceDirectory D:\Java_Training\Java_Training\Practice\Agent\src\main\resources
2022-12-31 08:22:43,330 [Worker-35: Building] INFO  o.e.m.c.i.embedder.EclipseLogger - Using 'UTF-8' encoding to copy filtered resources.
2022-12-31 08:22:43,330 [Worker-35: Building] INFO  o.e.m.c.i.embedder.EclipseLogger - skip non existing resourceDirectory D:\Java_Training\Java_Training\Practice\Agent\src\test\resources
2022-12-31 08:23:23,042 [Worker-37: Building] INFO  o.e.m.c.i.embedder.EclipseLogger - Using 'UTF-8' encoding to copy filtered resources.
2022-12-31 08:23:23,042 [Worker-37: Building] INFO  o.e.m.c.i.embedder.EclipseLogger - skip non existing resourceDirectory D:\Java_Training\Java_Training\Practice\Agent\src\main\resources
2022-12-31 08:23:23,043 [Worker-37: Building] INFO  o.e.m.c.i.embedder.EclipseLogger - Using 'UTF-8' encoding to copy filtered resources.
2022-12-31 08:23:23,043 [Worker-37: Building] INFO  o.e.m.c.i.embedder.EclipseLogger - skip non existing resourceDirectory D:\Java_Training\Java_Training\Practice\Agent\src\test\resources
2022-12-31 08:23:38,302 [Worker-37: Building] INFO  o.e.m.c.i.embedder.EclipseLogger - Using 'UTF-8' encoding to copy filtered resources.
2022-12-31 08:23:38,303 [Worker-37: Building] INFO  o.e.m.c.i.embedder.EclipseLogger - skip non existing resourceDirectory D:\Java_Training\Java_Training\Practice\Agent\src\main\resources
2022-12-31 08:23:38,304 [Worker-37: Building] INFO  o.e.m.c.i.embedder.EclipseLogger - Using 'UTF-8' encoding to copy filtered resources.
2022-12-31 08:23:38,304 [Worker-37: Building] INFO  o.e.m.c.i.embedder.EclipseLogger - skip non existing resourceDirectory D:\Java_Training\Java_Training\Practice\Agent\src\test\resources
2022-12-31 08:33:43,660 [Worker-36: Launching AddAgentMain] INFO  o.e.m.c.i.embedder.EclipseLogger - Using 'UTF-8' encoding to copy filtered resources.
2022-12-31 08:33:43,660 [Worker-36: Launching AddAgentMain] INFO  o.e.m.c.i.embedder.EclipseLogger - skip non existing resourceDirectory D:\Java_Training\Java_Training\Practice\Agent\src\main\resources
2022-12-31 08:33:43,661 [Worker-36: Launching AddAgentMain] INFO  o.e.m.c.i.embedder.EclipseLogger - Using 'UTF-8' encoding to copy filtered resources.
2022-12-31 08:33:43,661 [Worker-36: Launching AddAgentMain] INFO  o.e.m.c.i.embedder.EclipseLogger - skip non existing resourceDirectory D:\Java_Training\Java_Training\Practice\Agent\src\test\resources
2022-12-31 08:35:17,268 [Worker-30: Building] INFO  o.e.m.c.i.embedder.EclipseLogger - Using 'UTF-8' encoding to copy filtered resources.
2022-12-31 08:35:17,268 [Worker-30: Building] INFO  o.e.m.c.i.embedder.EclipseLogger - skip non existing resourceDirectory D:\Java_Training\Java_Training\Practice\Agent\src\main\resources
2022-12-31 08:35:17,269 [Worker-30: Building] INFO  o.e.m.c.i.embedder.EclipseLogger - Using 'UTF-8' encoding to copy filtered resources.
2022-12-31 08:35:17,269 [Worker-30: Building] INFO  o.e.m.c.i.embedder.EclipseLogger - skip non existing resourceDirectory D:\Java_Training\Java_Training\Practice\Agent\src\test\resources
2022-12-31 08:37:54,953 [Worker-36: Launching AddAgentMain] INFO  o.e.m.c.i.embedder.EclipseLogger - Using 'UTF-8' encoding to copy filtered resources.
2022-12-31 08:37:54,953 [Worker-36: Launching AddAgentMain] INFO  o.e.m.c.i.embedder.EclipseLogger - skip non existing resourceDirectory D:\Java_Training\Java_Training\Practice\Agent\src\main\resources
2022-12-31 08:37:54,955 [Worker-36: Launching AddAgentMain] INFO  o.e.m.c.i.embedder.EclipseLogger - Using 'UTF-8' encoding to copy filtered resources.
2022-12-31 08:37:54,955 [Worker-36: Launching AddAgentMain] INFO  o.e.m.c.i.embedder.EclipseLogger - skip non existing resourceDirectory D:\Java_Training\Java_Training\Practice\Agent\src\test\resources
2022-12-31 08:44:12,590 [Worker-46: Building] INFO  o.e.m.c.i.embedder.EclipseLogger - Using 'UTF-8' encoding to copy filtered resources.
2022-12-31 08:44:12,590 [Worker-46: Building] INFO  o.e.m.c.i.embedder.EclipseLogger - skip non existing resourceDirectory D:\Java_Training\Java_Training\Practice\Agent\src\main\resources
2022-12-31 08:44:12,591 [Worker-46: Building] INFO  o.e.m.c.i.embedder.EclipseLogger - Using 'UTF-8' encoding to copy filtered resources.
2022-12-31 08:44:12,592 [Worker-46: Building] INFO  o.e.m.c.i.embedder.EclipseLogger - skip non existing resourceDirectory D:\Java_Training\Java_Training\Practice\Agent\src\test\resources
2022-12-31 08:49:41,634 [Worker-48: Building] INFO  o.e.m.c.i.embedder.EclipseLogger - Using 'UTF-8' encoding to copy filtered resources.
2022-12-31 08:49:41,634 [Worker-48: Building] INFO  o.e.m.c.i.embedder.EclipseLogger - skip non existing resourceDirectory D:\Java_Training\Java_Training\Practice\Agent\src\main\resources
2022-12-31 08:49:41,635 [Worker-48: Building] INFO  o.e.m.c.i.embedder.EclipseLogger - Using 'UTF-8' encoding to copy filtered resources.
2022-12-31 08:49:41,635 [Worker-48: Building] INFO  o.e.m.c.i.embedder.EclipseLogger - skip non existing resourceDirectory D:\Java_Training\Java_Training\Practice\Agent\src\test\resources
2023-01-01 10:28:41,485 [Worker-32: Loading available Gradle versions] INFO  o.e.b.c.i.u.g.PublishedGradleVersions - Gradle version information cache is up-to-date. Trying to read.
2023-01-02 08:56:05,148 [Worker-3: Loading available Gradle versions] INFO  o.e.b.c.i.u.g.PublishedGradleVersions - Gradle version information cache is out-of-date. Trying to update.
2023-01-02 08:56:05,935 [Worker-3: Loading available Gradle versions] INFO  o.e.b.c.i.u.g.PublishedGradleVersions - Updating Gradle version information cache failed. Using outdated cache.
2023-01-02 10:26:22,582 [Worker-3: Loading available Gradle versions] INFO  o.e.b.c.i.u.g.PublishedGradleVersions - Gradle version information cache is out-of-date. Trying to update.
2023-01-03 13:52:12,675 [Worker-2: Loading available Gradle versions] INFO  o.e.b.c.i.u.g.PublishedGradleVersions - Gradle version information cache is out-of-date. Trying to update.
2023-01-03 13:52:12,942 [Worker-2: Loading available Gradle versions] INFO  o.e.b.c.i.u.g.PublishedGradleVersions - Updating Gradle version information cache failed. Using outdated cache.
2023-01-04 22:33:48,002 [Worker-3: Loading available Gradle versions] INFO  o.e.b.c.i.u.g.PublishedGradleVersions - Gradle version information cache is up-to-date. Trying to read.
2023-01-04 22:33:53,074 [Worker-2: Building] INFO  o.e.m.c.i.e.AbstractTransferListenerAdapter - Downloading https://repo.maven.apache.org/maven2/com/google/guava/guava/17.0/guava-17.0.pom
2023-01-04 22:33:53,481 [Worker-2: Building] INFO  o.e.m.c.i.e.AbstractTransferListenerAdapter - Downloaded https://repo.maven.apache.org/maven2/com/google/guava/guava/17.0/guava-17.0.pom
2023-01-04 22:33:53,783 [Worker-2: Building] INFO  o.e.m.c.i.e.AbstractTransferListenerAdapter - Downloading https://repo.maven.apache.org/maven2/com/google/guava/guava-parent/17.0/guava-parent-17.0.pom
2023-01-04 22:33:54,020 [Worker-2: Building] INFO  o.e.m.c.i.e.AbstractTransferListenerAdapter - Downloaded https://repo.maven.apache.org/maven2/com/google/guava/guava-parent/17.0/guava-parent-17.0.pom
2023-01-04 22:33:54,298 [Worker-2: Building] INFO  o.e.m.c.i.e.AbstractTransferListenerAdapter - Downloading https://repo.maven.apache.org/maven2/org/sonatype/oss/oss-parent/7/oss-parent-7.pom
2023-01-04 22:33:54,616 [Worker-2: Building] INFO  o.e.m.c.i.e.AbstractTransferListenerAdapter - Downloaded https://repo.maven.apache.org/maven2/org/sonatype/oss/oss-parent/7/oss-parent-7.pom
2023-01-04 22:33:54,908 [Worker-2: Building] INFO  o.e.m.c.i.e.AbstractTransferListenerAdapter - Downloading https://repo.maven.apache.org/maven2/junit/junit/4.11/junit-4.11.pom
2023-01-04 22:33:55,126 [Worker-2: Building] INFO  o.e.m.c.i.e.AbstractTransferListenerAdapter - Downloaded https://repo.maven.apache.org/maven2/junit/junit/4.11/junit-4.11.pom
2023-01-04 22:33:55,358 [Worker-2: Building] INFO  o.e.m.c.i.e.AbstractTransferListenerAdapter - Downloading https://repo.maven.apache.org/maven2/org/hamcrest/hamcrest-core/1.3/hamcrest-core-1.3.pom
2023-01-04 22:33:55,583 [Worker-2: Building] INFO  o.e.m.c.i.e.AbstractTransferListenerAdapter - Downloaded https://repo.maven.apache.org/maven2/org/hamcrest/hamcrest-core/1.3/hamcrest-core-1.3.pom
2023-01-04 22:33:55,830 [Worker-2: Building] INFO  o.e.m.c.i.e.AbstractTransferListenerAdapter - Downloading https://repo.maven.apache.org/maven2/org/hamcrest/hamcrest-parent/1.3/hamcrest-parent-1.3.pom
2023-01-04 22:33:56,148 [Worker-2: Building] INFO  o.e.m.c.i.e.AbstractTransferListenerAdapter - Downloaded https://repo.maven.apache.org/maven2/org/hamcrest/hamcrest-parent/1.3/hamcrest-parent-1.3.pom
2023-01-04 22:33:56,452 [AetherRepositoryConnector-repo.maven.apache.org-0-1] INFO  o.e.m.c.i.e.AbstractTransferListenerAdapter - Downloading https://repo.maven.apache.org/maven2/junit/junit/4.11/junit-4.11.jar
2023-01-04 22:33:56,760 [AetherRepositoryConnector-repo.maven.apache.org-0-2] INFO  o.e.m.c.i.e.AbstractTransferListenerAdapter - Downloading https://repo.maven.apache.org/maven2/org/hamcrest/hamcrest-core/1.3/hamcrest-core-1.3.jar
2023-01-04 22:33:56,760 [AetherRepositoryConnector-repo.maven.apache.org-0-0] INFO  o.e.m.c.i.e.AbstractTransferListenerAdapter - Downloading https://repo.maven.apache.org/maven2/com/google/guava/guava/17.0/guava-17.0.jar
2023-01-04 22:33:59,659 [AetherRepositoryConnector-repo.maven.apache.org-0-2] INFO  o.e.m.c.i.e.AbstractTransferListenerAdapter - Downloaded https://repo.maven.apache.org/maven2/org/hamcrest/hamcrest-core/1.3/hamcrest-core-1.3.jar
2023-01-04 22:33:59,661 [AetherRepositoryConnector-repo.maven.apache.org-0-1] INFO  o.e.m.c.i.e.AbstractTransferListenerAdapter - Downloaded https://repo.maven.apache.org/maven2/junit/junit/4.11/junit-4.11.jar
2023-01-04 22:34:02,296 [AetherRepositoryConnector-repo.maven.apache.org-0-0] INFO  o.e.m.c.i.e.AbstractTransferListenerAdapter - Downloaded https://repo.maven.apache.org/maven2/com/google/guava/guava/17.0/guava-17.0.jar
2023-01-04 22:34:03,514 [Worker-2: Building] INFO  o.e.m.c.i.e.AbstractTransferListenerAdapter - Downloading https://repo.maven.apache.org/maven2/org/apache/maven/plugins/maven-compiler-plugin/3.1/maven-compiler-plugin-3.1.pom
2023-01-04 22:34:04,142 [Worker-2: Building] INFO  o.e.m.c.i.e.AbstractTransferListenerAdapter - Downloaded https://repo.maven.apache.org/maven2/org/apache/maven/plugins/maven-compiler-plugin/3.1/maven-compiler-plugin-3.1.pom
2023-01-04 22:34:04,430 [Worker-2: Building] INFO  o.e.m.c.i.e.AbstractTransferListenerAdapter - Downloading https://repo.maven.apache.org/maven2/org/apache/maven/plugins/maven-compiler-plugin/3.1/maven-compiler-plugin-3.1.jar
2023-01-04 22:34:05,057 [Worker-2: Building] INFO  o.e.m.c.i.e.AbstractTransferListenerAdapter - Downloaded https://repo.maven.apache.org/maven2/org/apache/maven/plugins/maven-compiler-plugin/3.1/maven-compiler-plugin-3.1.jar
2023-01-04 22:34:05,456 [Worker-2: Building] INFO  o.e.m.c.i.e.AbstractTransferListenerAdapter - Downloading https://repo.maven.apache.org/maven2/org/apache/maven/plugins/maven-jar-plugin/2.4/maven-jar-plugin-2.4.pom
2023-01-04 22:34:05,779 [Worker-2: Building] INFO  o.e.m.c.i.e.AbstractTransferListenerAdapter - Downloaded https://repo.maven.apache.org/maven2/org/apache/maven/plugins/maven-jar-plugin/2.4/maven-jar-plugin-2.4.pom
2023-01-04 22:34:06,055 [Worker-2: Building] INFO  o.e.m.c.i.e.AbstractTransferListenerAdapter - Downloading https://repo.maven.apache.org/maven2/org/apache/maven/plugins/maven-jar-plugin/2.4/maven-jar-plugin-2.4.jar
2023-01-04 22:34:06,392 [Worker-2: Building] INFO  o.e.m.c.i.e.AbstractTransferListenerAdapter - Downloaded https://repo.maven.apache.org/maven2/org/apache/maven/plugins/maven-jar-plugin/2.4/maven-jar-plugin-2.4.jar
2023-01-04 22:34:06,686 [Worker-2: Building] INFO  o.e.m.c.i.embedder.EclipseLogger - Using 'UTF-8' encoding to copy filtered resources.
2023-01-04 22:34:06,687 [Worker-2: Building] INFO  o.e.m.c.i.embedder.EclipseLogger - skip non existing resourceDirectory D:\Java_Training\Java_Training\Practice\Agent\src\main\resources
2023-01-04 22:34:06,690 [Worker-2: Building] INFO  o.e.m.c.i.embedder.EclipseLogger - Using 'UTF-8' encoding to copy filtered resources.
2023-01-04 22:34:06,697 [Worker-2: Building] INFO  o.e.m.c.i.embedder.EclipseLogger - skip non existing resourceDirectory D:\Java_Training\Java_Training\Practice\Agent\src\test\resources
2023-01-04 22:34:07,093 [Worker-2: Building] INFO  o.e.m.c.i.e.AbstractTransferListenerAdapter - Downloading https://repo.maven.apache.org/maven2/commons-lang/commons-lang/2.1/commons-lang-2.1.pom
2023-01-04 22:34:07,415 [Worker-2: Building] INFO  o.e.m.c.i.e.AbstractTransferListenerAdapter - Downloaded https://repo.maven.apache.org/maven2/commons-lang/commons-lang/2.1/commons-lang-2.1.pom
2023-01-04 22:34:07,812 [AetherRepositoryConnector-repo.maven.apache.org-1-0] INFO  o.e.m.c.i.e.AbstractTransferListenerAdapter - Downloading https://repo.maven.apache.org/maven2/classworlds/classworlds/1.1-alpha-2/classworlds-1.1-alpha-2.jar
2023-01-04 22:34:08,117 [AetherRepositoryConnector-repo.maven.apache.org-1-1] INFO  o.e.m.c.i.e.AbstractTransferListenerAdapter - Downloading https://repo.maven.apache.org/maven2/commons-lang/commons-lang/2.1/commons-lang-2.1.jar
2023-01-04 22:34:08,470 [AetherRepositoryConnector-repo.maven.apache.org-1-0] INFO  o.e.m.c.i.e.AbstractTransferListenerAdapter - Downloaded https://repo.maven.apache.org/maven2/classworlds/classworlds/1.1-alpha-2/classworlds-1.1-alpha-2.jar
2023-01-04 22:34:08,740 [AetherRepositoryConnector-repo.maven.apache.org-1-1] INFO  o.e.m.c.i.e.AbstractTransferListenerAdapter - Downloaded https://repo.maven.apache.org/maven2/commons-lang/commons-lang/2.1/commons-lang-2.1.jar
