2023-01-11 12:14:32,143 [Worker-2: Loading available Gradle versions] INFO  o.e.b.c.i.u.g.PublishedGradleVersions - Gradle version information cache is up-to-date. Trying to read.
2023-01-11 12:15:44,697 [Worker-20: Launching mavenrun-83cbe6c0-054e-4189-a40b-5b28728bb717] INFO  o.eclipse.m2e.core.internal.Bundles - getClasspathEntries(Bundle=org.eclipse.m2e.maven.runtime_3.8.604.20221130-2149 [605])
2023-01-11 12:15:44,707 [Worker-20: Launching mavenrun-83cbe6c0-054e-4189-a40b-5b28728bb717] INFO  o.eclipse.m2e.core.internal.Bundles - 	Entry: C:\Users\chandud\.p2\pool\plugins\org.eclipse.m2e.maven.runtime_3.8.604.20221130-2149
2023-01-11 12:15:44,707 [Worker-20: Launching mavenrun-83cbe6c0-054e-4189-a40b-5b28728bb717] INFO  o.eclipse.m2e.core.internal.Bundles - 	Entry: C:\Users\chandud\.p2\pool\plugins\org.eclipse.m2e.maven.runtime_3.8.604.20221130-2149\jars\aether-connector-okhttp-0.17.8.jar
2023-01-11 12:15:44,713 [Worker-20: Launching mavenrun-83cbe6c0-054e-4189-a40b-5b28728bb717] INFO  o.eclipse.m2e.core.internal.Bundles - 	Entry: C:\Users\chandud\.p2\pool\plugins\org.eclipse.m2e.maven.runtime_3.8.604.20221130-2149\jars\commons-cli-1.4.jar
2023-01-11 12:15:44,713 [Worker-20: Launching mavenrun-83cbe6c0-054e-4189-a40b-5b28728bb717] INFO  o.eclipse.m2e.core.internal.Bundles - 	Entry: C:\Users\chandud\.p2\pool\plugins\org.eclipse.m2e.maven.runtime_3.8.604.20221130-2149\jars\commons-io-2.6.jar
2023-01-11 12:15:44,713 [Worker-20: Launching mavenrun-83cbe6c0-054e-4189-a40b-5b28728bb717] INFO  o.eclipse.m2e.core.internal.Bundles - 	Entry: C:\Users\chandud\.p2\pool\plugins\org.eclipse.m2e.maven.runtime_3.8.604.20221130-2149\jars\commons-lang3-3.8.1.jar
2023-01-11 12:15:44,713 [Worker-20: Launching mavenrun-83cbe6c0-054e-4189-a40b-5b28728bb717] INFO  o.eclipse.m2e.core.internal.Bundles - 	Entry: C:\Users\chandud\.p2\pool\plugins\org.eclipse.m2e.maven.runtime_3.8.604.20221130-2149\jars\guice-4.2.2-no_aop.jar
2023-01-11 12:15:44,713 [Worker-20: Launching mavenrun-83cbe6c0-054e-4189-a40b-5b28728bb717] INFO  o.eclipse.m2e.core.internal.Bundles - 	Entry: C:\Users\chandud\.p2\pool\plugins\org.eclipse.m2e.maven.runtime_3.8.604.20221130-2149\jars\jansi-2.4.0.jar
2023-01-11 12:15:44,714 [Worker-20: Launching mavenrun-83cbe6c0-054e-4189-a40b-5b28728bb717] INFO  o.eclipse.m2e.core.internal.Bundles - 	Entry: C:\Users\chandud\.p2\pool\plugins\org.eclipse.m2e.maven.runtime_3.8.604.20221130-2149\jars\maven-artifact-3.8.6.jar
2023-01-11 12:15:44,714 [Worker-20: Launching mavenrun-83cbe6c0-054e-4189-a40b-5b28728bb717] INFO  o.eclipse.m2e.core.internal.Bundles - 	Entry: C:\Users\chandud\.p2\pool\plugins\org.eclipse.m2e.maven.runtime_3.8.604.20221130-2149\jars\maven-builder-support-3.8.6.jar
2023-01-11 12:15:44,714 [Worker-20: Launching mavenrun-83cbe6c0-054e-4189-a40b-5b28728bb717] INFO  o.eclipse.m2e.core.internal.Bundles - 	Entry: C:\Users\chandud\.p2\pool\plugins\org.eclipse.m2e.maven.runtime_3.8.604.20221130-2149\jars\maven-compat-3.8.6.jar
2023-01-11 12:15:44,714 [Worker-20: Launching mavenrun-83cbe6c0-054e-4189-a40b-5b28728bb717] INFO  o.eclipse.m2e.core.internal.Bundles - 	Entry: C:\Users\chandud\.p2\pool\plugins\org.eclipse.m2e.maven.runtime_3.8.604.20221130-2149\jars\maven-core-3.8.6.jar
2023-01-11 12:15:44,715 [Worker-20: Launching mavenrun-83cbe6c0-054e-4189-a40b-5b28728bb717] INFO  o.eclipse.m2e.core.internal.Bundles - 	Entry: C:\Users\chandud\.p2\pool\plugins\org.eclipse.m2e.maven.runtime_3.8.604.20221130-2149\jars\maven-embedder-3.8.6.jar
2023-01-11 12:15:44,715 [Worker-20: Launching mavenrun-83cbe6c0-054e-4189-a40b-5b28728bb717] INFO  o.eclipse.m2e.core.internal.Bundles - 	Entry: C:\Users\chandud\.p2\pool\plugins\org.eclipse.m2e.maven.runtime_3.8.604.20221130-2149\jars\maven-model-3.8.6.jar
2023-01-11 12:15:44,715 [Worker-20: Launching mavenrun-83cbe6c0-054e-4189-a40b-5b28728bb717] INFO  o.eclipse.m2e.core.internal.Bundles - 	Entry: C:\Users\chandud\.p2\pool\plugins\org.eclipse.m2e.maven.runtime_3.8.604.20221130-2149\jars\maven-model-builder-3.8.6.jar
2023-01-11 12:15:44,715 [Worker-20: Launching mavenrun-83cbe6c0-054e-4189-a40b-5b28728bb717] INFO  o.eclipse.m2e.core.internal.Bundles - 	Entry: C:\Users\chandud\.p2\pool\plugins\org.eclipse.m2e.maven.runtime_3.8.604.20221130-2149\jars\maven-plugin-api-3.8.6.jar
2023-01-11 12:15:44,715 [Worker-20: Launching mavenrun-83cbe6c0-054e-4189-a40b-5b28728bb717] INFO  o.eclipse.m2e.core.internal.Bundles - 	Entry: C:\Users\chandud\.p2\pool\plugins\org.eclipse.m2e.maven.runtime_3.8.604.20221130-2149\jars\maven-repository-metadata-3.8.6.jar
2023-01-11 12:15:44,716 [Worker-20: Launching mavenrun-83cbe6c0-054e-4189-a40b-5b28728bb717] INFO  o.eclipse.m2e.core.internal.Bundles - 	Entry: C:\Users\chandud\.p2\pool\plugins\org.eclipse.m2e.maven.runtime_3.8.604.20221130-2149\jars\maven-resolver-api-1.6.3.jar
2023-01-11 12:15:44,716 [Worker-20: Launching mavenrun-83cbe6c0-054e-4189-a40b-5b28728bb717] INFO  o.eclipse.m2e.core.internal.Bundles - 	Entry: C:\Users\chandud\.p2\pool\plugins\org.eclipse.m2e.maven.runtime_3.8.604.20221130-2149\jars\maven-resolver-connector-basic-1.6.3.jar
2023-01-11 12:15:44,716 [Worker-20: Launching mavenrun-83cbe6c0-054e-4189-a40b-5b28728bb717] INFO  o.eclipse.m2e.core.internal.Bundles - 	Entry: C:\Users\chandud\.p2\pool\plugins\org.eclipse.m2e.maven.runtime_3.8.604.20221130-2149\jars\maven-resolver-impl-1.6.3.jar
2023-01-11 12:15:44,716 [Worker-20: Launching mavenrun-83cbe6c0-054e-4189-a40b-5b28728bb717] INFO  o.eclipse.m2e.core.internal.Bundles - 	Entry: C:\Users\chandud\.p2\pool\plugins\org.eclipse.m2e.maven.runtime_3.8.604.20221130-2149\jars\maven-resolver-provider-3.8.6.jar
2023-01-11 12:15:44,717 [Worker-20: Launching mavenrun-83cbe6c0-054e-4189-a40b-5b28728bb717] INFO  o.eclipse.m2e.core.internal.Bundles - 	Entry: C:\Users\chandud\.p2\pool\plugins\org.eclipse.m2e.maven.runtime_3.8.604.20221130-2149\jars\maven-resolver-spi-1.6.3.jar
2023-01-11 12:15:44,717 [Worker-20: Launching mavenrun-83cbe6c0-054e-4189-a40b-5b28728bb717] INFO  o.eclipse.m2e.core.internal.Bundles - 	Entry: C:\Users\chandud\.p2\pool\plugins\org.eclipse.m2e.maven.runtime_3.8.604.20221130-2149\jars\maven-resolver-transport-wagon-1.6.3.jar
2023-01-11 12:15:44,717 [Worker-20: Launching mavenrun-83cbe6c0-054e-4189-a40b-5b28728bb717] INFO  o.eclipse.m2e.core.internal.Bundles - 	Entry: C:\Users\chandud\.p2\pool\plugins\org.eclipse.m2e.maven.runtime_3.8.604.20221130-2149\jars\maven-resolver-util-1.6.3.jar
2023-01-11 12:15:44,717 [Worker-20: Launching mavenrun-83cbe6c0-054e-4189-a40b-5b28728bb717] INFO  o.eclipse.m2e.core.internal.Bundles - 	Entry: C:\Users\chandud\.p2\pool\plugins\org.eclipse.m2e.maven.runtime_3.8.604.20221130-2149\jars\maven-settings-3.8.6.jar
2023-01-11 12:15:44,717 [Worker-20: Launching mavenrun-83cbe6c0-054e-4189-a40b-5b28728bb717] INFO  o.eclipse.m2e.core.internal.Bundles - 	Entry: C:\Users\chandud\.p2\pool\plugins\org.eclipse.m2e.maven.runtime_3.8.604.20221130-2149\jars\maven-settings-builder-3.8.6.jar
2023-01-11 12:15:44,718 [Worker-20: Launching mavenrun-83cbe6c0-054e-4189-a40b-5b28728bb717] INFO  o.eclipse.m2e.core.internal.Bundles - 	Entry: C:\Users\chandud\.p2\pool\plugins\org.eclipse.m2e.maven.runtime_3.8.604.20221130-2149\jars\maven-shared-utils-3.3.4.jar
2023-01-11 12:15:44,718 [Worker-20: Launching mavenrun-83cbe6c0-054e-4189-a40b-5b28728bb717] INFO  o.eclipse.m2e.core.internal.Bundles - 	Entry: C:\Users\chandud\.p2\pool\plugins\org.eclipse.m2e.maven.runtime_3.8.604.20221130-2149\jars\okhttp-3.14.1.jar
2023-01-11 12:15:44,718 [Worker-20: Launching mavenrun-83cbe6c0-054e-4189-a40b-5b28728bb717] INFO  o.eclipse.m2e.core.internal.Bundles - 	Entry: C:\Users\chandud\.p2\pool\plugins\org.eclipse.m2e.maven.runtime_3.8.604.20221130-2149\jars\okio-1.17.3.jar
2023-01-11 12:15:44,718 [Worker-20: Launching mavenrun-83cbe6c0-054e-4189-a40b-5b28728bb717] INFO  o.eclipse.m2e.core.internal.Bundles - 	Entry: C:\Users\chandud\.p2\pool\plugins\org.eclipse.m2e.maven.runtime_3.8.604.20221130-2149\jars\org.eclipse.sisu.inject-0.3.5.jar
2023-01-11 12:15:44,718 [Worker-20: Launching mavenrun-83cbe6c0-054e-4189-a40b-5b28728bb717] INFO  o.eclipse.m2e.core.internal.Bundles - 	Entry: C:\Users\chandud\.p2\pool\plugins\org.eclipse.m2e.maven.runtime_3.8.604.20221130-2149\jars\org.eclipse.sisu.plexus-0.3.5.jar
2023-01-11 12:15:44,719 [Worker-20: Launching mavenrun-83cbe6c0-054e-4189-a40b-5b28728bb717] INFO  o.eclipse.m2e.core.internal.Bundles - 	Entry: C:\Users\chandud\.p2\pool\plugins\org.eclipse.m2e.maven.runtime_3.8.604.20221130-2149\jars\plexus-build-api-0.0.7.jar
2023-01-11 12:15:44,719 [Worker-20: Launching mavenrun-83cbe6c0-054e-4189-a40b-5b28728bb717] INFO  o.eclipse.m2e.core.internal.Bundles - 	Entry: C:\Users\chandud\.p2\pool\plugins\org.eclipse.m2e.maven.runtime_3.8.604.20221130-2149\jars\plexus-cipher-2.0.jar
2023-01-11 12:15:44,719 [Worker-20: Launching mavenrun-83cbe6c0-054e-4189-a40b-5b28728bb717] INFO  o.eclipse.m2e.core.internal.Bundles - 	Entry: C:\Users\chandud\.p2\pool\plugins\org.eclipse.m2e.maven.runtime_3.8.604.20221130-2149\jars\plexus-classworlds-2.6.0.jar
2023-01-11 12:15:44,720 [Worker-20: Launching mavenrun-83cbe6c0-054e-4189-a40b-5b28728bb717] INFO  o.eclipse.m2e.core.internal.Bundles - 	Entry: C:\Users\chandud\.p2\pool\plugins\org.eclipse.m2e.maven.runtime_3.8.604.20221130-2149\jars\plexus-component-annotations-2.1.0.jar
2023-01-11 12:15:44,720 [Worker-20: Launching mavenrun-83cbe6c0-054e-4189-a40b-5b28728bb717] INFO  o.eclipse.m2e.core.internal.Bundles - 	Entry: C:\Users\chandud\.p2\pool\plugins\org.eclipse.m2e.maven.runtime_3.8.604.20221130-2149\jars\plexus-interpolation-1.26.jar
2023-01-11 12:15:44,720 [Worker-20: Launching mavenrun-83cbe6c0-054e-4189-a40b-5b28728bb717] INFO  o.eclipse.m2e.core.internal.Bundles - 	Entry: C:\Users\chandud\.p2\pool\plugins\org.eclipse.m2e.maven.runtime_3.8.604.20221130-2149\jars\plexus-sec-dispatcher-2.0.jar
2023-01-11 12:15:44,720 [Worker-20: Launching mavenrun-83cbe6c0-054e-4189-a40b-5b28728bb717] INFO  o.eclipse.m2e.core.internal.Bundles - 	Entry: C:\Users\chandud\.p2\pool\plugins\org.eclipse.m2e.maven.runtime_3.8.604.20221130-2149\jars\plexus-utils-3.3.1.jar
2023-01-11 12:15:44,720 [Worker-20: Launching mavenrun-83cbe6c0-054e-4189-a40b-5b28728bb717] INFO  o.eclipse.m2e.core.internal.Bundles - 	Entry: C:\Users\chandud\.p2\pool\plugins\org.eclipse.m2e.maven.runtime_3.8.604.20221130-2149\jars\wagon-file-3.5.1.jar
2023-01-11 12:15:44,721 [Worker-20: Launching mavenrun-83cbe6c0-054e-4189-a40b-5b28728bb717] INFO  o.eclipse.m2e.core.internal.Bundles - 	Entry: C:\Users\chandud\.p2\pool\plugins\org.eclipse.m2e.maven.runtime_3.8.604.20221130-2149\jars\wagon-provider-api-3.5.1.jar
2023-01-11 12:15:44,722 [Worker-20: Launching mavenrun-83cbe6c0-054e-4189-a40b-5b28728bb717] INFO  o.eclipse.m2e.core.internal.Bundles - getClasspathEntries(Bundle=com.google.guava_30.1.0.v20221112-0806 [10])
2023-01-11 12:15:44,724 [Worker-20: Launching mavenrun-83cbe6c0-054e-4189-a40b-5b28728bb717] INFO  o.eclipse.m2e.core.internal.Bundles - 	Entry: C:\Users\chandud\.p2\pool\plugins\com.google.guava_30.1.0.v20221112-0806.jar
2023-01-11 12:15:44,724 [Worker-20: Launching mavenrun-83cbe6c0-054e-4189-a40b-5b28728bb717] INFO  o.eclipse.m2e.core.internal.Bundles - getClasspathEntries(Bundle=slf4j.api_1.7.36 [917])
2023-01-11 12:15:44,726 [Worker-20: Launching mavenrun-83cbe6c0-054e-4189-a40b-5b28728bb717] INFO  o.eclipse.m2e.core.internal.Bundles - 	Entry: C:\Users\chandud\.p2\pool\plugins\slf4j.api_1.7.36.jar
2023-01-11 12:15:44,726 [Worker-20: Launching mavenrun-83cbe6c0-054e-4189-a40b-5b28728bb717] INFO  o.eclipse.m2e.core.internal.Bundles - getClasspathEntries(Bundle=javax.inject_1.0.0.v20220405-0441 [32])
2023-01-11 12:15:44,729 [Worker-20: Launching mavenrun-83cbe6c0-054e-4189-a40b-5b28728bb717] INFO  o.eclipse.m2e.core.internal.Bundles - 	Entry: C:\Users\chandud\.p2\pool\plugins\javax.inject_1.0.0.v20220405-0441.jar
2023-01-11 12:15:44,729 [Worker-20: Launching mavenrun-83cbe6c0-054e-4189-a40b-5b28728bb717] INFO  o.eclipse.m2e.core.internal.Bundles - getClasspathEntries(Bundle=javax.annotation_1.3.5.v20221112-0806 [30])
2023-01-11 12:15:44,730 [Worker-20: Launching mavenrun-83cbe6c0-054e-4189-a40b-5b28728bb717] INFO  o.eclipse.m2e.core.internal.Bundles - 	Entry: C:\Users\chandud\.p2\pool\plugins\javax.annotation_1.3.5.v20221112-0806.jar
2023-01-11 12:15:44,737 [Worker-20: Launching mavenrun-83cbe6c0-054e-4189-a40b-5b28728bb717] INFO  o.e.m.i.launch.MavenLaunchDelegate - Run build in "C:\Users\chandud\AppData\Local\Temp\m2e-archetypeGenerator16770868945547582043":
2023-01-11 12:15:44,740 [Worker-20: Launching mavenrun-83cbe6c0-054e-4189-a40b-5b28728bb717] INFO  o.e.m.i.launch.MavenLaunchDelegate -  mvn  -DarchetypeGroupId=de.bripkens -DarchetypeArtifactId=java-quickstart -DarchetypeVersion=0.2.0 -DgroupId=infinite -DartifactId=Agent -Dversion=0.0.1-SNAPSHOT -Dpackage=com.infinite.Agent -DoutputDirectory=D:\Java_Training\Java_Training\Day19-11-01-Hnet2 -Dstyle.color=always -U archetype:generate
2023-01-11 12:16:01,144 [Worker-2: Creating java-quickstart] INFO  o.e.m.c.i.p.ProjectConfigurationManager - Collecting project info '/pom.xml' D:\Java_Training\Java_Training\Day19-11-01-Hnet2\Agent\pom.xml
2023-01-11 12:16:01,949 [Worker-2: Creating java-quickstart] INFO  o.e.m.c.i.l.LifecycleMappingFactory - Using org.eclipse.m2e.jdt.JarLifecycleMapping lifecycle mapping for MavenProject: infinite:Agent:0.0.1-SNAPSHOT @ D:\Java_Training\Java_Training\Day19-11-01-Hnet2\Agent\pom.xml.
2023-01-11 12:16:02,360 [Worker-2: Creating java-quickstart] INFO  o.e.m.j.i.AbstractJavaProjectConfigurator - Adding source folder /Agent/src/main/java
2023-01-11 12:16:02,364 [Worker-2: Creating java-quickstart] INFO  o.e.m.j.i.AbstractJavaProjectConfigurator - Adding source folder /Agent/src/test/java
2023-01-11 12:16:02,451 [Worker-2: Creating java-quickstart] INFO  o.e.m.c.i.p.ProjectConfigurationManager - Imported and configured 1 project(s) in 1 sec
2023-01-11 12:16:03,198 [Worker-4: Building] INFO  o.e.m.c.i.embedder.EclipseLogger - Using 'UTF-8' encoding to copy filtered resources.
2023-01-11 12:16:03,198 [Worker-4: Building] INFO  o.e.m.c.i.embedder.EclipseLogger - skip non existing resourceDirectory D:\Java_Training\Java_Training\Day19-11-01-Hnet2\Agent\src\main\resources
2023-01-11 12:16:03,200 [Worker-4: Building] INFO  o.e.m.c.i.embedder.EclipseLogger - Using 'UTF-8' encoding to copy filtered resources.
2023-01-11 12:16:03,200 [Worker-4: Building] INFO  o.e.m.c.i.embedder.EclipseLogger - skip non existing resourceDirectory D:\Java_Training\Java_Training\Day19-11-01-Hnet2\Agent\src\test\resources
2023-01-11 12:16:18,990 [Worker-4: Building] INFO  o.e.m.c.i.l.LifecycleMappingFactory - Using org.eclipse.m2e.jdt.JarLifecycleMapping lifecycle mapping for MavenProject: infinite:Agent:0.0.1-SNAPSHOT @ D:\Java_Training\Java_Training\Day19-11-01-Hnet2\Agent\pom.xml.
2023-01-11 12:16:19,323 [Worker-4: Building] INFO  o.e.m.c.i.embedder.EclipseLogger - Using 'UTF-8' encoding to copy filtered resources.
2023-01-11 12:16:19,323 [Worker-4: Building] INFO  o.e.m.c.i.embedder.EclipseLogger - skip non existing resourceDirectory D:\Java_Training\Java_Training\Day19-11-01-Hnet2\Agent\src\main\resources
2023-01-11 12:16:19,325 [Worker-4: Building] INFO  o.e.m.c.i.embedder.EclipseLogger - Using 'UTF-8' encoding to copy filtered resources.
2023-01-11 12:16:19,325 [Worker-4: Building] INFO  o.e.m.c.i.embedder.EclipseLogger - skip non existing resourceDirectory D:\Java_Training\Java_Training\Day19-11-01-Hnet2\Agent\src\test\resources
2023-01-11 12:16:20,615 [Worker-16: Building] INFO  o.e.m.c.i.embedder.EclipseLogger - Using 'UTF-8' encoding to copy filtered resources.
2023-01-11 12:16:20,615 [Worker-16: Building] INFO  o.e.m.c.i.embedder.EclipseLogger - skip non existing resourceDirectory D:\Java_Training\Java_Training\Day19-11-01-Hnet2\Agent\src\main\resources
2023-01-11 12:16:20,617 [Worker-16: Building] INFO  o.e.m.c.i.embedder.EclipseLogger - Using 'UTF-8' encoding to copy filtered resources.
2023-01-11 12:16:20,617 [Worker-16: Building] INFO  o.e.m.c.i.embedder.EclipseLogger - skip non existing resourceDirectory D:\Java_Training\Java_Training\Day19-11-01-Hnet2\Agent\src\test\resources
2023-01-11 12:17:50,500 [Worker-3: Building] INFO  o.e.m.c.i.l.LifecycleMappingFactory - Using org.eclipse.m2e.jdt.JarLifecycleMapping lifecycle mapping for MavenProject: infinite:Agent:0.0.1-SNAPSHOT @ D:\Java_Training\Java_Training\Day19-11-01-Hnet2\Agent\pom.xml.
2023-01-11 12:17:50,774 [Worker-3: Building] INFO  o.e.m.c.i.embedder.EclipseLogger - Using 'UTF-8' encoding to copy filtered resources.
2023-01-11 12:17:50,774 [Worker-3: Building] INFO  o.e.m.c.i.embedder.EclipseLogger - skip non existing resourceDirectory D:\Java_Training\Java_Training\Day19-11-01-Hnet2\Agent\src\main\resources
2023-01-11 12:17:50,777 [Worker-3: Building] INFO  o.e.m.c.i.embedder.EclipseLogger - Using 'UTF-8' encoding to copy filtered resources.
2023-01-11 12:17:50,777 [Worker-3: Building] INFO  o.e.m.c.i.embedder.EclipseLogger - skip non existing resourceDirectory D:\Java_Training\Java_Training\Day19-11-01-Hnet2\Agent\src\test\resources
2023-01-11 12:18:04,358 [Worker-20: Building] INFO  o.e.m.c.i.l.LifecycleMappingFactory - Using org.eclipse.m2e.jdt.JarLifecycleMapping lifecycle mapping for MavenProject: infinite:Agent:0.0.1-SNAPSHOT @ D:\Java_Training\Java_Training\Day19-11-01-Hnet2\Agent\pom.xml.
2023-01-11 12:18:04,593 [Worker-20: Building] INFO  o.e.m.c.i.embedder.EclipseLogger - Using 'UTF-8' encoding to copy filtered resources.
2023-01-11 12:18:04,593 [Worker-20: Building] INFO  o.e.m.c.i.embedder.EclipseLogger - skip non existing resourceDirectory D:\Java_Training\Java_Training\Day19-11-01-Hnet2\Agent\src\main\resources
2023-01-11 12:18:04,595 [Worker-20: Building] INFO  o.e.m.c.i.embedder.EclipseLogger - Using 'UTF-8' encoding to copy filtered resources.
2023-01-11 12:18:04,595 [Worker-20: Building] INFO  o.e.m.c.i.embedder.EclipseLogger - skip non existing resourceDirectory D:\Java_Training\Java_Training\Day19-11-01-Hnet2\Agent\src\test\resources
2023-01-11 12:18:26,642 [Worker-19: Building] INFO  o.e.m.c.i.embedder.EclipseLogger - Using 'UTF-8' encoding to copy filtered resources.
2023-01-11 12:18:26,642 [Worker-19: Building] INFO  o.e.m.c.i.embedder.EclipseLogger - skip non existing resourceDirectory D:\Java_Training\Java_Training\Day19-11-01-Hnet2\Agent\src\main\resources
2023-01-11 12:18:26,644 [Worker-19: Building] INFO  o.e.m.c.i.embedder.EclipseLogger - Using 'UTF-8' encoding to copy filtered resources.
2023-01-11 12:18:26,644 [Worker-19: Building] INFO  o.e.m.c.i.embedder.EclipseLogger - skip non existing resourceDirectory D:\Java_Training\Java_Training\Day19-11-01-Hnet2\Agent\src\test\resources
2023-01-11 12:19:10,757 [Worker-2: Building] INFO  o.e.m.c.i.embedder.EclipseLogger - Using 'UTF-8' encoding to copy filtered resources.
2023-01-11 12:19:10,757 [Worker-2: Building] INFO  o.e.m.c.i.embedder.EclipseLogger - skip non existing resourceDirectory D:\Java_Training\Java_Training\Day19-11-01-Hnet2\Agent\src\main\resources
2023-01-11 12:19:10,758 [Worker-2: Building] INFO  o.e.m.c.i.embedder.EclipseLogger - Using 'UTF-8' encoding to copy filtered resources.
2023-01-11 12:19:10,758 [Worker-2: Building] INFO  o.e.m.c.i.embedder.EclipseLogger - skip non existing resourceDirectory D:\Java_Training\Java_Training\Day19-11-01-Hnet2\Agent\src\test\resources
2023-01-11 12:19:59,638 [Worker-17: Building] INFO  o.e.m.c.i.embedder.EclipseLogger - Using 'UTF-8' encoding to copy filtered resources.
2023-01-11 12:19:59,638 [Worker-17: Building] INFO  o.e.m.c.i.embedder.EclipseLogger - skip non existing resourceDirectory D:\Java_Training\Java_Training\Day19-11-01-Hnet2\Agent\src\main\resources
2023-01-11 12:19:59,640 [Worker-17: Building] INFO  o.e.m.c.i.embedder.EclipseLogger - Using 'UTF-8' encoding to copy filtered resources.
2023-01-11 12:19:59,640 [Worker-17: Building] INFO  o.e.m.c.i.embedder.EclipseLogger - skip non existing resourceDirectory D:\Java_Training\Java_Training\Day19-11-01-Hnet2\Agent\src\test\resources
2023-01-11 12:23:41,543 [Worker-5: Building] INFO  o.e.m.c.i.embedder.EclipseLogger - Using 'UTF-8' encoding to copy filtered resources.
2023-01-11 12:23:41,543 [Worker-5: Building] INFO  o.e.m.c.i.embedder.EclipseLogger - skip non existing resourceDirectory D:\Java_Training\Java_Training\Day19-11-01-Hnet2\Agent\src\main\resources
2023-01-11 12:23:41,544 [Worker-5: Building] INFO  o.e.m.c.i.embedder.EclipseLogger - Using 'UTF-8' encoding to copy filtered resources.
2023-01-11 12:23:41,544 [Worker-5: Building] INFO  o.e.m.c.i.embedder.EclipseLogger - skip non existing resourceDirectory D:\Java_Training\Java_Training\Day19-11-01-Hnet2\Agent\src\test\resources
2023-01-11 12:23:50,226 [Worker-23: Building] INFO  o.e.m.c.i.embedder.EclipseLogger - Using 'UTF-8' encoding to copy filtered resources.
2023-01-11 12:23:50,227 [Worker-23: Building] INFO  o.e.m.c.i.embedder.EclipseLogger - skip non existing resourceDirectory D:\Java_Training\Java_Training\Day19-11-01-Hnet2\Agent\src\main\resources
2023-01-11 12:23:50,228 [Worker-23: Building] INFO  o.e.m.c.i.embedder.EclipseLogger - Using 'UTF-8' encoding to copy filtered resources.
2023-01-11 12:23:50,229 [Worker-23: Building] INFO  o.e.m.c.i.embedder.EclipseLogger - skip non existing resourceDirectory D:\Java_Training\Java_Training\Day19-11-01-Hnet2\Agent\src\test\resources
2023-01-11 12:24:02,421 [Worker-18: Building] INFO  o.e.m.c.i.embedder.EclipseLogger - Using 'UTF-8' encoding to copy filtered resources.
2023-01-11 12:24:02,421 [Worker-18: Building] INFO  o.e.m.c.i.embedder.EclipseLogger - skip non existing resourceDirectory D:\Java_Training\Java_Training\Day19-11-01-Hnet2\Agent\src\main\resources
2023-01-11 12:24:02,422 [Worker-18: Building] INFO  o.e.m.c.i.embedder.EclipseLogger - Using 'UTF-8' encoding to copy filtered resources.
2023-01-11 12:24:02,422 [Worker-18: Building] INFO  o.e.m.c.i.embedder.EclipseLogger - skip non existing resourceDirectory D:\Java_Training\Java_Training\Day19-11-01-Hnet2\Agent\src\test\resources
2023-01-11 12:28:06,694 [Worker-18: Building] INFO  o.e.m.c.i.embedder.EclipseLogger - Using 'UTF-8' encoding to copy filtered resources.
2023-01-11 12:28:06,694 [Worker-18: Building] INFO  o.e.m.c.i.embedder.EclipseLogger - skip non existing resourceDirectory D:\Java_Training\Java_Training\Day19-11-01-Hnet2\Agent\src\main\resources
2023-01-11 12:28:06,696 [Worker-18: Building] INFO  o.e.m.c.i.embedder.EclipseLogger - Using 'UTF-8' encoding to copy filtered resources.
2023-01-11 12:28:06,696 [Worker-18: Building] INFO  o.e.m.c.i.embedder.EclipseLogger - skip non existing resourceDirectory D:\Java_Training\Java_Training\Day19-11-01-Hnet2\Agent\src\test\resources
2023-01-11 12:28:09,684 [Worker-5: Building] INFO  o.e.m.c.i.embedder.EclipseLogger - Using 'UTF-8' encoding to copy filtered resources.
2023-01-11 12:28:09,684 [Worker-5: Building] INFO  o.e.m.c.i.embedder.EclipseLogger - skip non existing resourceDirectory D:\Java_Training\Java_Training\Day19-11-01-Hnet2\Agent\src\main\resources
2023-01-11 12:28:09,685 [Worker-5: Building] INFO  o.e.m.c.i.embedder.EclipseLogger - Using 'UTF-8' encoding to copy filtered resources.
2023-01-11 12:28:09,685 [Worker-5: Building] INFO  o.e.m.c.i.embedder.EclipseLogger - skip non existing resourceDirectory D:\Java_Training\Java_Training\Day19-11-01-Hnet2\Agent\src\test\resources
2023-01-11 12:29:52,191 [Worker-24: Building] INFO  o.e.m.c.i.embedder.EclipseLogger - Using 'UTF-8' encoding to copy filtered resources.
2023-01-11 12:29:52,192 [Worker-24: Building] INFO  o.e.m.c.i.embedder.EclipseLogger - skip non existing resourceDirectory D:\Java_Training\Java_Training\Day19-11-01-Hnet2\Agent\src\main\resources
2023-01-11 12:29:52,193 [Worker-24: Building] INFO  o.e.m.c.i.embedder.EclipseLogger - Using 'UTF-8' encoding to copy filtered resources.
2023-01-11 12:29:52,193 [Worker-24: Building] INFO  o.e.m.c.i.embedder.EclipseLogger - skip non existing resourceDirectory D:\Java_Training\Java_Training\Day19-11-01-Hnet2\Agent\src\test\resources
2023-01-11 12:32:12,832 [Worker-23: Building] INFO  o.e.m.c.i.embedder.EclipseLogger - Using 'UTF-8' encoding to copy filtered resources.
2023-01-11 12:32:12,833 [Worker-23: Building] INFO  o.e.m.c.i.embedder.EclipseLogger - skip non existing resourceDirectory D:\Java_Training\Java_Training\Day19-11-01-Hnet2\Agent\src\main\resources
2023-01-11 12:32:12,834 [Worker-23: Building] INFO  o.e.m.c.i.embedder.EclipseLogger - Using 'UTF-8' encoding to copy filtered resources.
2023-01-11 12:32:12,834 [Worker-23: Building] INFO  o.e.m.c.i.embedder.EclipseLogger - skip non existing resourceDirectory D:\Java_Training\Java_Training\Day19-11-01-Hnet2\Agent\src\test\resources
2023-01-11 12:33:13,965 [Worker-22: Building] INFO  o.e.m.c.i.embedder.EclipseLogger - Using 'UTF-8' encoding to copy filtered resources.
2023-01-11 12:33:13,966 [Worker-22: Building] INFO  o.e.m.c.i.embedder.EclipseLogger - skip non existing resourceDirectory D:\Java_Training\Java_Training\Day19-11-01-Hnet2\Agent\src\main\resources
2023-01-11 12:33:13,968 [Worker-22: Building] INFO  o.e.m.c.i.embedder.EclipseLogger - Using 'UTF-8' encoding to copy filtered resources.
2023-01-11 12:33:13,969 [Worker-22: Building] INFO  o.e.m.c.i.embedder.EclipseLogger - skip non existing resourceDirectory D:\Java_Training\Java_Training\Day19-11-01-Hnet2\Agent\src\test\resources
2023-01-11 12:34:25,523 [Worker-25: Building] INFO  o.e.m.c.i.embedder.EclipseLogger - Using 'UTF-8' encoding to copy filtered resources.
2023-01-11 12:34:25,523 [Worker-25: Building] INFO  o.e.m.c.i.embedder.EclipseLogger - skip non existing resourceDirectory D:\Java_Training\Java_Training\Day19-11-01-Hnet2\Agent\src\main\resources
2023-01-11 12:34:25,524 [Worker-25: Building] INFO  o.e.m.c.i.embedder.EclipseLogger - Using 'UTF-8' encoding to copy filtered resources.
2023-01-11 12:34:25,524 [Worker-25: Building] INFO  o.e.m.c.i.embedder.EclipseLogger - skip non existing resourceDirectory D:\Java_Training\Java_Training\Day19-11-01-Hnet2\Agent\src\test\resources
2023-01-11 12:34:34,668 [Worker-18: Building] INFO  o.e.m.c.i.embedder.EclipseLogger - Using 'UTF-8' encoding to copy filtered resources.
2023-01-11 12:34:34,668 [Worker-18: Building] INFO  o.e.m.c.i.embedder.EclipseLogger - skip non existing resourceDirectory D:\Java_Training\Java_Training\Day19-11-01-Hnet2\Agent\src\main\resources
2023-01-11 12:34:34,669 [Worker-18: Building] INFO  o.e.m.c.i.embedder.EclipseLogger - Using 'UTF-8' encoding to copy filtered resources.
2023-01-11 12:34:34,670 [Worker-18: Building] INFO  o.e.m.c.i.embedder.EclipseLogger - skip non existing resourceDirectory D:\Java_Training\Java_Training\Day19-11-01-Hnet2\Agent\src\test\resources
2023-01-11 12:35:06,265 [Worker-18: Building] INFO  o.e.m.c.i.embedder.EclipseLogger - Using 'UTF-8' encoding to copy filtered resources.
2023-01-11 12:35:06,265 [Worker-18: Building] INFO  o.e.m.c.i.embedder.EclipseLogger - skip non existing resourceDirectory D:\Java_Training\Java_Training\Day19-11-01-Hnet2\Agent\src\main\resources
2023-01-11 12:35:06,268 [Worker-18: Building] INFO  o.e.m.c.i.embedder.EclipseLogger - Using 'UTF-8' encoding to copy filtered resources.
2023-01-11 12:35:06,268 [Worker-18: Building] INFO  o.e.m.c.i.embedder.EclipseLogger - skip non existing resourceDirectory D:\Java_Training\Java_Training\Day19-11-01-Hnet2\Agent\src\test\resources
2023-01-11 12:36:36,625 [Worker-18: Launching AgentShow] INFO  o.e.m.c.i.embedder.EclipseLogger - Using 'UTF-8' encoding to copy filtered resources.
2023-01-11 12:36:36,625 [Worker-18: Launching AgentShow] INFO  o.e.m.c.i.embedder.EclipseLogger - skip non existing resourceDirectory D:\Java_Training\Java_Training\Day19-11-01-Hnet2\Agent\src\main\resources
2023-01-11 12:36:36,627 [Worker-18: Launching AgentShow] INFO  o.e.m.c.i.embedder.EclipseLogger - Using 'UTF-8' encoding to copy filtered resources.
2023-01-11 12:36:36,627 [Worker-18: Launching AgentShow] INFO  o.e.m.c.i.embedder.EclipseLogger - skip non existing resourceDirectory D:\Java_Training\Java_Training\Day19-11-01-Hnet2\Agent\src\test\resources
2023-01-11 12:37:45,930 [Worker-18: Launching AgentShow] INFO  o.e.m.c.i.embedder.EclipseLogger - Using 'UTF-8' encoding to copy filtered resources.
2023-01-11 12:37:45,930 [Worker-18: Launching AgentShow] INFO  o.e.m.c.i.embedder.EclipseLogger - skip non existing resourceDirectory D:\Java_Training\Java_Training\Day19-11-01-Hnet2\Agent\src\main\resources
2023-01-11 12:37:45,932 [Worker-18: Launching AgentShow] INFO  o.e.m.c.i.embedder.EclipseLogger - Using 'UTF-8' encoding to copy filtered resources.
2023-01-11 12:37:45,932 [Worker-18: Launching AgentShow] INFO  o.e.m.c.i.embedder.EclipseLogger - skip non existing resourceDirectory D:\Java_Training\Java_Training\Day19-11-01-Hnet2\Agent\src\test\resources
2023-01-11 12:40:23,166 [Worker-26: Building] INFO  o.e.m.c.i.embedder.EclipseLogger - Using 'UTF-8' encoding to copy filtered resources.
2023-01-11 12:40:23,166 [Worker-26: Building] INFO  o.e.m.c.i.embedder.EclipseLogger - skip non existing resourceDirectory D:\Java_Training\Java_Training\Day19-11-01-Hnet2\Agent\src\main\resources
2023-01-11 12:40:23,168 [Worker-26: Building] INFO  o.e.m.c.i.embedder.EclipseLogger - Using 'UTF-8' encoding to copy filtered resources.
2023-01-11 12:40:23,168 [Worker-26: Building] INFO  o.e.m.c.i.embedder.EclipseLogger - skip non existing resourceDirectory D:\Java_Training\Java_Training\Day19-11-01-Hnet2\Agent\src\test\resources
2023-01-11 12:40:51,395 [Worker-28: Building] INFO  o.e.m.c.i.embedder.EclipseLogger - Using 'UTF-8' encoding to copy filtered resources.
2023-01-11 12:40:51,395 [Worker-28: Building] INFO  o.e.m.c.i.embedder.EclipseLogger - skip non existing resourceDirectory D:\Java_Training\Java_Training\Day19-11-01-Hnet2\Agent\src\main\resources
2023-01-11 12:40:51,398 [Worker-28: Building] INFO  o.e.m.c.i.embedder.EclipseLogger - Using 'UTF-8' encoding to copy filtered resources.
2023-01-11 12:40:51,399 [Worker-28: Building] INFO  o.e.m.c.i.embedder.EclipseLogger - skip non existing resourceDirectory D:\Java_Training\Java_Training\Day19-11-01-Hnet2\Agent\src\test\resources
2023-01-11 12:42:12,771 [Worker-18: Building] INFO  o.e.m.c.i.embedder.EclipseLogger - Using 'UTF-8' encoding to copy filtered resources.
2023-01-11 12:42:12,771 [Worker-18: Building] INFO  o.e.m.c.i.embedder.EclipseLogger - skip non existing resourceDirectory D:\Java_Training\Java_Training\Day19-11-01-Hnet2\Agent\src\main\resources
2023-01-11 12:42:12,773 [Worker-18: Building] INFO  o.e.m.c.i.embedder.EclipseLogger - Using 'UTF-8' encoding to copy filtered resources.
2023-01-11 12:42:12,773 [Worker-18: Building] INFO  o.e.m.c.i.embedder.EclipseLogger - skip non existing resourceDirectory D:\Java_Training\Java_Training\Day19-11-01-Hnet2\Agent\src\test\resources
2023-01-11 12:43:31,107 [Worker-18: Building] INFO  o.e.m.c.i.embedder.EclipseLogger - Using 'UTF-8' encoding to copy filtered resources.
2023-01-11 12:43:31,107 [Worker-18: Building] INFO  o.e.m.c.i.embedder.EclipseLogger - skip non existing resourceDirectory D:\Java_Training\Java_Training\Day19-11-01-Hnet2\Agent\src\main\resources
2023-01-11 12:43:31,108 [Worker-18: Building] INFO  o.e.m.c.i.embedder.EclipseLogger - Using 'UTF-8' encoding to copy filtered resources.
2023-01-11 12:43:31,108 [Worker-18: Building] INFO  o.e.m.c.i.embedder.EclipseLogger - skip non existing resourceDirectory D:\Java_Training\Java_Training\Day19-11-01-Hnet2\Agent\src\test\resources
2023-01-11 12:44:43,604 [Worker-29: Building] INFO  o.e.m.c.i.embedder.EclipseLogger - Using 'UTF-8' encoding to copy filtered resources.
2023-01-11 12:44:43,604 [Worker-29: Building] INFO  o.e.m.c.i.embedder.EclipseLogger - skip non existing resourceDirectory D:\Java_Training\Java_Training\Day19-11-01-Hnet2\Agent\src\main\resources
2023-01-11 12:44:43,606 [Worker-29: Building] INFO  o.e.m.c.i.embedder.EclipseLogger - Using 'UTF-8' encoding to copy filtered resources.
2023-01-11 12:44:43,606 [Worker-29: Building] INFO  o.e.m.c.i.embedder.EclipseLogger - skip non existing resourceDirectory D:\Java_Training\Java_Training\Day19-11-01-Hnet2\Agent\src\test\resources
2023-01-11 12:44:59,184 [Worker-30: Building] INFO  o.e.m.c.i.embedder.EclipseLogger - Using 'UTF-8' encoding to copy filtered resources.
2023-01-11 12:44:59,185 [Worker-30: Building] INFO  o.e.m.c.i.embedder.EclipseLogger - skip non existing resourceDirectory D:\Java_Training\Java_Training\Day19-11-01-Hnet2\Agent\src\main\resources
2023-01-11 12:44:59,187 [Worker-30: Building] INFO  o.e.m.c.i.embedder.EclipseLogger - Using 'UTF-8' encoding to copy filtered resources.
2023-01-11 12:44:59,187 [Worker-30: Building] INFO  o.e.m.c.i.embedder.EclipseLogger - skip non existing resourceDirectory D:\Java_Training\Java_Training\Day19-11-01-Hnet2\Agent\src\test\resources
2023-01-11 12:49:52,678 [Worker-29: Launching UpdateAgent] INFO  o.e.m.c.i.embedder.EclipseLogger - Using 'UTF-8' encoding to copy filtered resources.
2023-01-11 12:49:52,679 [Worker-29: Launching UpdateAgent] INFO  o.e.m.c.i.embedder.EclipseLogger - skip non existing resourceDirectory D:\Java_Training\Java_Training\Day19-11-01-Hnet2\Agent\src\main\resources
2023-01-11 12:49:52,682 [Worker-29: Launching UpdateAgent] INFO  o.e.m.c.i.embedder.EclipseLogger - Using 'UTF-8' encoding to copy filtered resources.
2023-01-11 12:49:52,682 [Worker-29: Launching UpdateAgent] INFO  o.e.m.c.i.embedder.EclipseLogger - skip non existing resourceDirectory D:\Java_Training\Java_Training\Day19-11-01-Hnet2\Agent\src\test\resources
2023-01-11 12:50:45,232 [Worker-32: Building] INFO  o.e.m.c.i.embedder.EclipseLogger - Using 'UTF-8' encoding to copy filtered resources.
2023-01-11 12:50:45,232 [Worker-32: Building] INFO  o.e.m.c.i.embedder.EclipseLogger - skip non existing resourceDirectory D:\Java_Training\Java_Training\Day19-11-01-Hnet2\Agent\src\main\resources
2023-01-11 12:50:45,234 [Worker-32: Building] INFO  o.e.m.c.i.embedder.EclipseLogger - Using 'UTF-8' encoding to copy filtered resources.
2023-01-11 12:50:45,234 [Worker-32: Building] INFO  o.e.m.c.i.embedder.EclipseLogger - skip non existing resourceDirectory D:\Java_Training\Java_Training\Day19-11-01-Hnet2\Agent\src\test\resources
2023-01-11 12:50:55,022 [Worker-32: Building] INFO  o.e.m.c.i.embedder.EclipseLogger - Using 'UTF-8' encoding to copy filtered resources.
2023-01-11 12:50:55,022 [Worker-32: Building] INFO  o.e.m.c.i.embedder.EclipseLogger - skip non existing resourceDirectory D:\Java_Training\Java_Training\Day19-11-01-Hnet2\Agent\src\main\resources
2023-01-11 12:50:55,025 [Worker-32: Building] INFO  o.e.m.c.i.embedder.EclipseLogger - Using 'UTF-8' encoding to copy filtered resources.
2023-01-11 12:50:55,026 [Worker-32: Building] INFO  o.e.m.c.i.embedder.EclipseLogger - skip non existing resourceDirectory D:\Java_Training\Java_Training\Day19-11-01-Hnet2\Agent\src\test\resources
2023-01-11 12:54:18,298 [Worker-29: Launching UpdateAgent] INFO  o.e.m.c.i.embedder.EclipseLogger - Using 'UTF-8' encoding to copy filtered resources.
2023-01-11 12:54:18,298 [Worker-29: Launching UpdateAgent] INFO  o.e.m.c.i.embedder.EclipseLogger - skip non existing resourceDirectory D:\Java_Training\Java_Training\Day19-11-01-Hnet2\Agent\src\main\resources
2023-01-11 12:54:18,300 [Worker-29: Launching UpdateAgent] INFO  o.e.m.c.i.embedder.EclipseLogger - Using 'UTF-8' encoding to copy filtered resources.
2023-01-11 12:54:18,300 [Worker-29: Launching UpdateAgent] INFO  o.e.m.c.i.embedder.EclipseLogger - skip non existing resourceDirectory D:\Java_Training\Java_Training\Day19-11-01-Hnet2\Agent\src\test\resources
2023-01-11 12:55:13,559 [Worker-32: Building] INFO  o.e.m.c.i.embedder.EclipseLogger - Using 'UTF-8' encoding to copy filtered resources.
2023-01-11 12:55:13,559 [Worker-32: Building] INFO  o.e.m.c.i.embedder.EclipseLogger - skip non existing resourceDirectory D:\Java_Training\Java_Training\Day19-11-01-Hnet2\Agent\src\main\resources
2023-01-11 12:55:13,561 [Worker-32: Building] INFO  o.e.m.c.i.embedder.EclipseLogger - Using 'UTF-8' encoding to copy filtered resources.
2023-01-11 12:55:13,562 [Worker-32: Building] INFO  o.e.m.c.i.embedder.EclipseLogger - skip non existing resourceDirectory D:\Java_Training\Java_Training\Day19-11-01-Hnet2\Agent\src\test\resources
2023-01-11 12:56:28,290 [Worker-32: Building] INFO  o.e.m.c.i.embedder.EclipseLogger - Using 'UTF-8' encoding to copy filtered resources.
2023-01-11 12:56:28,290 [Worker-32: Building] INFO  o.e.m.c.i.embedder.EclipseLogger - skip non existing resourceDirectory D:\Java_Training\Java_Training\Day19-11-01-Hnet2\Agent\src\main\resources
2023-01-11 12:56:28,292 [Worker-32: Building] INFO  o.e.m.c.i.embedder.EclipseLogger - Using 'UTF-8' encoding to copy filtered resources.
2023-01-11 12:56:28,292 [Worker-32: Building] INFO  o.e.m.c.i.embedder.EclipseLogger - skip non existing resourceDirectory D:\Java_Training\Java_Training\Day19-11-01-Hnet2\Agent\src\test\resources
2023-01-11 12:57:07,674 [Worker-34: Building] INFO  o.e.m.c.i.embedder.EclipseLogger - Using 'UTF-8' encoding to copy filtered resources.
2023-01-11 12:57:07,675 [Worker-34: Building] INFO  o.e.m.c.i.embedder.EclipseLogger - skip non existing resourceDirectory D:\Java_Training\Java_Training\Day19-11-01-Hnet2\Agent\src\main\resources
2023-01-11 12:57:07,677 [Worker-34: Building] INFO  o.e.m.c.i.embedder.EclipseLogger - Using 'UTF-8' encoding to copy filtered resources.
2023-01-11 12:57:07,677 [Worker-34: Building] INFO  o.e.m.c.i.embedder.EclipseLogger - skip non existing resourceDirectory D:\Java_Training\Java_Training\Day19-11-01-Hnet2\Agent\src\test\resources
2023-01-11 12:57:24,170 [Worker-29: Building] INFO  o.e.m.c.i.embedder.EclipseLogger - Using 'UTF-8' encoding to copy filtered resources.
2023-01-11 12:57:24,170 [Worker-29: Building] INFO  o.e.m.c.i.embedder.EclipseLogger - skip non existing resourceDirectory D:\Java_Training\Java_Training\Day19-11-01-Hnet2\Agent\src\main\resources
2023-01-11 12:57:24,171 [Worker-29: Building] INFO  o.e.m.c.i.embedder.EclipseLogger - Using 'UTF-8' encoding to copy filtered resources.
2023-01-11 12:57:24,171 [Worker-29: Building] INFO  o.e.m.c.i.embedder.EclipseLogger - skip non existing resourceDirectory D:\Java_Training\Java_Training\Day19-11-01-Hnet2\Agent\src\test\resources
2023-01-11 14:00:05,868 [Worker-2: Loading available Gradle versions] INFO  o.e.b.c.i.u.g.PublishedGradleVersions - Gradle version information cache is up-to-date. Trying to read.
2023-01-11 21:10:39,683 [Worker-3: Loading available Gradle versions] INFO  o.e.b.c.i.u.g.PublishedGradleVersions - Gradle version information cache is out-of-date. Trying to update.
2023-01-11 21:12:02,647 [Worker-6: Building] INFO  o.e.m.c.i.embedder.EclipseLogger - Using 'UTF-8' encoding to copy filtered resources.
2023-01-11 21:12:02,648 [Worker-6: Building] INFO  o.e.m.c.i.embedder.EclipseLogger - skip non existing resourceDirectory D:\Java_Training\Java_Training\Day19-11-01-Hnet2\Agent\src\main\resources
2023-01-11 21:12:02,652 [Worker-6: Building] INFO  o.e.m.c.i.embedder.EclipseLogger - Using 'UTF-8' encoding to copy filtered resources.
2023-01-11 21:12:02,652 [Worker-6: Building] INFO  o.e.m.c.i.embedder.EclipseLogger - skip non existing resourceDirectory D:\Java_Training\Java_Training\Day19-11-01-Hnet2\Agent\src\test\resources
2023-01-11 21:12:25,868 [Worker-12: Building] INFO  o.e.m.c.i.embedder.EclipseLogger - Using 'UTF-8' encoding to copy filtered resources.
2023-01-11 21:12:25,868 [Worker-12: Building] INFO  o.e.m.c.i.embedder.EclipseLogger - skip non existing resourceDirectory D:\Java_Training\Java_Training\Day19-11-01-Hnet2\Agent\src\main\resources
2023-01-11 21:12:25,871 [Worker-12: Building] INFO  o.e.m.c.i.embedder.EclipseLogger - Using 'UTF-8' encoding to copy filtered resources.
2023-01-11 21:12:25,871 [Worker-12: Building] INFO  o.e.m.c.i.embedder.EclipseLogger - skip non existing resourceDirectory D:\Java_Training\Java_Training\Day19-11-01-Hnet2\Agent\src\test\resources
2023-01-11 21:12:30,779 [Worker-13: Building] INFO  o.e.m.c.i.embedder.EclipseLogger - Using 'UTF-8' encoding to copy filtered resources.
2023-01-11 21:12:30,779 [Worker-13: Building] INFO  o.e.m.c.i.embedder.EclipseLogger - skip non existing resourceDirectory D:\Java_Training\Java_Training\Day19-11-01-Hnet2\Agent\src\main\resources
2023-01-11 21:12:30,782 [Worker-13: Building] INFO  o.e.m.c.i.embedder.EclipseLogger - Using 'UTF-8' encoding to copy filtered resources.
2023-01-11 21:12:30,782 [Worker-13: Building] INFO  o.e.m.c.i.embedder.EclipseLogger - skip non existing resourceDirectory D:\Java_Training\Java_Training\Day19-11-01-Hnet2\Agent\src\test\resources
2023-01-11 21:12:42,377 [Worker-14: Building] INFO  o.e.m.c.i.embedder.EclipseLogger - Using 'UTF-8' encoding to copy filtered resources.
2023-01-11 21:12:42,377 [Worker-14: Building] INFO  o.e.m.c.i.embedder.EclipseLogger - skip non existing resourceDirectory D:\Java_Training\Java_Training\Day19-11-01-Hnet2\Agent\src\main\resources
2023-01-11 21:12:42,380 [Worker-14: Building] INFO  o.e.m.c.i.embedder.EclipseLogger - Using 'UTF-8' encoding to copy filtered resources.
2023-01-11 21:12:42,380 [Worker-14: Building] INFO  o.e.m.c.i.embedder.EclipseLogger - skip non existing resourceDirectory D:\Java_Training\Java_Training\Day19-11-01-Hnet2\Agent\src\test\resources
2023-01-11 22:03:47,597 [Worker-23: Building] INFO  o.e.m.c.i.embedder.EclipseLogger - Using 'UTF-8' encoding to copy filtered resources.
2023-01-11 22:03:47,597 [Worker-23: Building] INFO  o.e.m.c.i.embedder.EclipseLogger - skip non existing resourceDirectory D:\Java_Training\Java_Training\Day19-11-01-Hnet2\Agent\src\main\resources
2023-01-11 22:03:47,599 [Worker-23: Building] INFO  o.e.m.c.i.embedder.EclipseLogger - Using 'UTF-8' encoding to copy filtered resources.
2023-01-11 22:03:47,600 [Worker-23: Building] INFO  o.e.m.c.i.embedder.EclipseLogger - skip non existing resourceDirectory D:\Java_Training\Java_Training\Day19-11-01-Hnet2\Agent\src\test\resources
2023-01-11 22:03:58,818 [Worker-22: Building] INFO  o.e.m.c.i.embedder.EclipseLogger - Using 'UTF-8' encoding to copy filtered resources.
2023-01-11 22:03:58,818 [Worker-22: Building] INFO  o.e.m.c.i.embedder.EclipseLogger - skip non existing resourceDirectory D:\Java_Training\Java_Training\Day19-11-01-Hnet2\Agent\src\main\resources
2023-01-11 22:03:58,820 [Worker-22: Building] INFO  o.e.m.c.i.embedder.EclipseLogger - Using 'UTF-8' encoding to copy filtered resources.
2023-01-11 22:03:58,820 [Worker-22: Building] INFO  o.e.m.c.i.embedder.EclipseLogger - skip non existing resourceDirectory D:\Java_Training\Java_Training\Day19-11-01-Hnet2\Agent\src\test\resources
